2022-11-29 19:47:18,599 [INFO] Activator:177 - 


2022-11-29 19:47:18,601 [INFO] Activator:178 - !SESSION log4j initialized
2022-11-29 19:47:34,001 [INFO] McuFinderGlobals:44 - Set McuFinder mode to 2 (CubeIDE integrated)
2022-11-29 19:47:35,664 [INFO] ApplicationProperties:181 - Using Application install path: D:\Professional Software\STM32CubeIDE\STM32CubeIDE_1.10.1\STM32CubeIDE\plugins\com.st.stm32cube.common.mx_6.6.1.202207061420
2022-11-29 19:47:35,677 [INFO] DbMcusXml:77 - Set database path to: D:\Professional Software\STM32CubeIDE\STM32CubeIDE_1.10.1\STM32CubeIDE\plugins\com.st.stm32cube.common.mx_6.6.1.202207061420\\db\/mcu/
2022-11-29 19:47:35,678 [INFO] ApiDb:269 - Set plugin database path to: D:\Professional Software\STM32CubeIDE\STM32CubeIDE_1.10.1\STM32CubeIDE\plugins\com.st.stm32cube.common.mx_6.6.1.202207061420\\db\/plugins/boardmanager/
2022-11-29 19:47:35,679 [WARN] ApiDb:254 - Overriding images path with different value:  => D:\Professional Software\STM32CubeIDE\STM32CubeIDE_1.10.1\STM32CubeIDE\plugins\com.st.stm32cube.common.mx_6.6.1.202207061420\\db\/plugins/mcufinder/images/
2022-11-29 19:47:35,693 [INFO] ApiDb:249 - Set database path to: C:\Users\BRL\.stmcufinder\plugins\mcufinder//mcu/
2022-11-29 19:47:35,694 [INFO] DbMcusAds:124 - Set database path to: C:\Users\BRL\.stmcufinder\plugins\mcufinder//mcu/
2022-11-29 19:47:35,703 [INFO] CrossReferenceDbSqlite:201 - Set database path to: C:\Users\BRL\.stmcufinder\plugins\mcufinder//mcu/cs/
2022-11-29 19:47:35,807 [INFO] RulesReader:61 - Compatibility file has been processed (282 Rules)
2022-11-29 19:47:35,881 [INFO] DbMcusXml:77 - Set database path to: D:\Professional Software\STM32CubeIDE\STM32CubeIDE_1.10.1\STM32CubeIDE\plugins\com.st.stm32cube.common.mx_6.6.1.202207061420\\db\/mcu/
2022-11-29 19:47:35,881 [INFO] ApiDb:269 - Set plugin database path to: D:\Professional Software\STM32CubeIDE\STM32CubeIDE_1.10.1\STM32CubeIDE\plugins\com.st.stm32cube.common.mx_6.6.1.202207061420\\db\/plugins/boardmanager/
2022-11-29 19:47:35,881 [INFO] ApiDb:256 - Set plugin images path to: D:\Professional Software\STM32CubeIDE\STM32CubeIDE_1.10.1\STM32CubeIDE\plugins\com.st.stm32cube.common.mx_6.6.1.202207061420\\db\/plugins/mcufinder/images/
2022-11-29 19:47:35,882 [WARN] DbFile:40 - Overriding database path with different value: C:\Users\BRL\.stmcufinder\plugins\mcufinder/ => C:\Users\BRL\.stmcufinder\plugins\mcufinder
2022-11-29 19:47:35,882 [INFO] ApiDb:249 - Set database path to: C:\Users\BRL\.stmcufinder\plugins\mcufinder//mcu/
2022-11-29 19:47:35,882 [WARN] DbFile:40 - Overriding database path with different value: C:\Users\BRL\.stmcufinder\plugins\mcufinder/ => C:\Users\BRL\.stmcufinder\plugins\mcufinder
2022-11-29 19:47:35,882 [INFO] DbMcusAds:124 - Set database path to: C:\Users\BRL\.stmcufinder\plugins\mcufinder//mcu/
2022-11-29 19:47:35,883 [WARN] DbFile:40 - Overriding database path with different value: C:\Users\BRL\.stmcufinder\plugins\mcufinder/ => C:\Users\BRL\.stmcufinder\plugins\mcufinder
2022-11-29 19:47:35,883 [WARN] DbFile:40 - Overriding database path with different value: C:\Users\BRL\.stmcufinder\plugins\mcufinder/ => C:\Users\BRL\.stmcufinder\plugins\mcufinder
2022-11-29 19:47:35,883 [INFO] CrossReferenceDbSqlite:201 - Set database path to: C:\Users\BRL\.stmcufinder\plugins\mcufinder//mcu/cs/
2022-11-29 19:47:35,943 [INFO] MainPanel:242 - HeapMemory: 268435456
2022-11-29 19:47:36,015 [INFO] DbMcusXml:77 - Set database path to: D:\Professional Software\STM32CubeIDE\STM32CubeIDE_1.10.1\STM32CubeIDE\plugins\com.st.stm32cube.common.mx_6.6.1.202207061420\\db\/mcu/
2022-11-29 19:47:36,016 [INFO] ApiDb:269 - Set plugin database path to: D:\Professional Software\STM32CubeIDE\STM32CubeIDE_1.10.1\STM32CubeIDE\plugins\com.st.stm32cube.common.mx_6.6.1.202207061420\\db\/plugins/boardmanager/
2022-11-29 19:47:36,016 [INFO] ApiDb:256 - Set plugin images path to: D:\Professional Software\STM32CubeIDE\STM32CubeIDE_1.10.1\STM32CubeIDE\plugins\com.st.stm32cube.common.mx_6.6.1.202207061420\\db\/plugins/mcufinder/images/
2022-11-29 19:47:36,016 [WARN] DbFile:40 - Overriding database path with different value: C:\Users\BRL\.stmcufinder\plugins\mcufinder/ => C:\Users\BRL\.stmcufinder\plugins\mcufinder
2022-11-29 19:47:36,016 [INFO] ApiDb:249 - Set database path to: C:\Users\BRL\.stmcufinder\plugins\mcufinder//mcu/
2022-11-29 19:47:36,017 [WARN] DbFile:40 - Overriding database path with different value: C:\Users\BRL\.stmcufinder\plugins\mcufinder/ => C:\Users\BRL\.stmcufinder\plugins\mcufinder
2022-11-29 19:47:36,017 [INFO] DbMcusAds:124 - Set database path to: C:\Users\BRL\.stmcufinder\plugins\mcufinder//mcu/
2022-11-29 19:47:36,017 [WARN] DbFile:40 - Overriding database path with different value: C:\Users\BRL\.stmcufinder\plugins\mcufinder/ => C:\Users\BRL\.stmcufinder\plugins\mcufinder
2022-11-29 19:47:36,017 [WARN] DbFile:40 - Overriding database path with different value: C:\Users\BRL\.stmcufinder\plugins\mcufinder/ => C:\Users\BRL\.stmcufinder\plugins\mcufinder
2022-11-29 19:47:36,017 [INFO] CrossReferenceDbSqlite:201 - Set database path to: C:\Users\BRL\.stmcufinder\plugins\mcufinder//mcu/cs/
2022-11-29 19:47:36,031 [INFO] ApplicationProperties:181 - Using Application install path: D:\Professional Software\STM32CubeIDE\STM32CubeIDE_1.10.1\STM32CubeIDE\plugins\com.st.stm32cube.common.mx_6.6.1.202207061420
2022-11-29 19:47:36,032 [INFO] PluginManage:193 - Search for loadable plugins [exclusion list=, ]
2022-11-29 19:47:36,033 [INFO] PluginManage:307 - Check plugin analytics
2022-11-29 19:47:36,154 [INFO] AnalyticsPlugin:262 - Accepted Software Licenses: STM32CubeMX.6.6.1
2022-11-29 19:47:36,154 [INFO] AnalyticsPlugin:264 - Accepted CMSIS Pack Licenses: 
2022-11-29 19:47:36,155 [INFO] AnalyticsPlugin:266 - Accepted Firmware Licenses: 
2022-11-29 19:47:36,163 [INFO] PluginManage:356 - Loaded plugin analytics (category:tool,tabindex:-1)
2022-11-29 19:47:36,164 [INFO] PluginManage:307 - Check plugin cadmodel
2022-11-29 19:47:36,173 [INFO] CADModel:65 - Init CAD model plugin
2022-11-29 19:47:36,174 [INFO] PluginManage:356 - Loaded plugin cadmodel (category:power,tabindex:5)
2022-11-29 19:47:36,174 [INFO] PluginManage:307 - Check plugin clock
2022-11-29 19:47:36,189 [INFO] PluginManage:356 - Loaded plugin clock (category:base,tabindex:2)
2022-11-29 19:47:36,190 [INFO] PluginManage:307 - Check plugin ddr
2022-11-29 19:47:36,191 [INFO] PluginManage:356 - Loaded plugin ddr (category:tool,tabindex:6)
2022-11-29 19:47:36,192 [INFO] PluginManage:307 - Check plugin filemanager
2022-11-29 19:47:36,307 [INFO] PluginManage:356 - Loaded plugin filemanager (category:base,tabindex:10)
2022-11-29 19:47:36,307 [INFO] PluginManage:307 - Check plugin ipmanager
2022-11-29 19:47:36,315 [INFO] PluginManage:356 - Loaded plugin ipmanager (category:base,tabindex:5)
2022-11-29 19:47:36,315 [INFO] PluginManage:307 - Check plugin lpbam
2022-11-29 19:47:36,330 [INFO] PluginManage:356 - Loaded plugin lpbam (category:base,tabindex:0)
2022-11-29 19:47:36,330 [INFO] PluginManage:307 - Check plugin pinoutandconfiguration
2022-11-29 19:47:36,344 [INFO] PluginManage:356 - Loaded plugin pinoutandconfiguration (category:base,tabindex:1)
2022-11-29 19:47:36,344 [INFO] PluginManage:307 - Check plugin pinoutconfig
2022-11-29 19:47:36,378 [INFO] PluginManage:356 - Loaded plugin pinoutconfig (category:base,tabindex:0)
2022-11-29 19:47:36,379 [INFO] PluginManage:307 - Check plugin power
2022-11-29 19:47:36,392 [INFO] PluginManage:356 - Loaded plugin power (category:power,tabindex:4)
2022-11-29 19:47:36,393 [INFO] PluginManage:307 - Check plugin projectmanager
2022-11-29 19:47:36,407 [INFO] PluginManage:356 - Loaded plugin projectmanager (category:projectmanager,tabindex:3)
2022-11-29 19:47:36,407 [INFO] PluginManage:307 - Check plugin thirdparty
2022-11-29 19:47:36,604 [INFO] PluginManage:356 - Loaded plugin thirdparty (category:base,tabindex:-1)
2022-11-29 19:47:36,604 [INFO] PluginManage:307 - Check plugin tools
2022-11-29 19:47:36,604 [WARN] IntegrityCheckThread:82 - waiting for thirdparty lock release [integrity check]
2022-11-29 19:47:36,605 [INFO] IntegrityCheckThread:84 - entering critical section [integrity check]
2022-11-29 19:47:36,607 [INFO] ThirdPartyUpdaterWithRetryManager:70 - Updater plugin not ready yet. [1/15]
2022-11-29 19:47:36,625 [INFO] PluginManage:356 - Loaded plugin tools (category:base,tabindex:7)
2022-11-29 19:47:36,625 [INFO] PluginManage:307 - Check plugin tutovideos
2022-11-29 19:47:36,807 [INFO] PluginManage:356 - Loaded plugin tutovideos (category:base,tabindex:-1)
2022-11-29 19:47:36,807 [INFO] PluginManage:307 - Check plugin updater
2022-11-29 19:47:36,820 [INFO] PluginManage:356 - Loaded plugin updater (category:base,tabindex:12)
2022-11-29 19:47:36,820 [INFO] PluginManage:280 - PluginManage : Loaded plugins [15]
2022-11-29 19:47:37,018 [INFO] PinOutPanel:1468 - setPackage(No Configuration,No Configuration)
2022-11-29 19:47:37,076 [INFO] CADModel:98 - CPN selected for project level
2022-11-29 19:47:37,103 [INFO] IPUIPlugin:79 - create IPUIPlugin
2022-11-29 19:47:37,103 [INFO] PluginManager:217 - loadIPPluginJar : add adc
2022-11-29 19:47:37,127 [INFO] IPUIPlugin:79 - create IPUIPlugin
2022-11-29 19:47:37,128 [INFO] PluginManager:217 - loadIPPluginJar : add aes
2022-11-29 19:47:37,154 [INFO] IPUIPlugin:79 - create IPUIPlugin
2022-11-29 19:47:37,154 [INFO] PluginManager:217 - loadIPPluginJar : add can
2022-11-29 19:47:37,169 [INFO] IPUIPlugin:79 - create IPUIPlugin
2022-11-29 19:47:37,169 [INFO] PluginManager:217 - loadIPPluginJar : add comp
2022-11-29 19:47:37,190 [INFO] IPUIPlugin:79 - create IPUIPlugin
2022-11-29 19:47:37,191 [INFO] PluginManager:217 - loadIPPluginJar : add cryp
2022-11-29 19:47:37,209 [INFO] IPUIPlugin:79 - create IPUIPlugin
2022-11-29 19:47:37,209 [INFO] PluginManager:217 - loadIPPluginJar : add dfsdm
2022-11-29 19:47:37,219 [INFO] IPUIPlugin:79 - create IPUIPlugin
2022-11-29 19:47:37,220 [INFO] PluginManager:217 - loadIPPluginJar : add dma
2022-11-29 19:47:37,247 [INFO] IPUIPlugin:79 - create IPUIPlugin
2022-11-29 19:47:37,247 [INFO] PluginManager:217 - loadIPPluginJar : add dma3
2022-11-29 19:47:37,262 [INFO] IPUIPlugin:79 - create IPUIPlugin
2022-11-29 19:47:37,262 [INFO] PluginManager:217 - loadIPPluginJar : add fatfs
2022-11-29 19:47:37,295 [INFO] IPUIPlugin:79 - create IPUIPlugin
2022-11-29 19:47:37,295 [INFO] PluginManager:217 - loadIPPluginJar : add fmc
2022-11-29 19:47:37,312 [INFO] IPUIPlugin:79 - create IPUIPlugin
2022-11-29 19:47:37,312 [INFO] PluginManager:217 - loadIPPluginJar : add freertos
2022-11-29 19:47:37,314 [INFO] IPUIPlugin:79 - create IPUIPlugin
2022-11-29 19:47:37,314 [INFO] PluginManager:217 - loadIPPluginJar : add genericplugin
2022-11-29 19:47:37,382 [INFO] IPUIPlugin:79 - create IPUIPlugin
2022-11-29 19:47:37,382 [INFO] PluginManager:217 - loadIPPluginJar : add gfxmmu
2022-11-29 19:47:37,463 [INFO] IPUIPlugin:79 - create IPUIPlugin
2022-11-29 19:47:37,463 [INFO] PluginManager:217 - loadIPPluginJar : add gic
2022-11-29 19:47:37,473 [INFO] IPUIPlugin:79 - create IPUIPlugin
2022-11-29 19:47:37,473 [INFO] PluginManager:217 - loadIPPluginJar : add gpio
2022-11-29 19:47:37,533 [INFO] IPUIPlugin:79 - create IPUIPlugin
2022-11-29 19:47:37,534 [INFO] PluginManager:217 - loadIPPluginJar : add gtzc
2022-11-29 19:47:37,554 [INFO] IPUIPlugin:79 - create IPUIPlugin
2022-11-29 19:47:37,554 [INFO] PluginManager:217 - loadIPPluginJar : add hash
2022-11-29 19:47:37,587 [INFO] IPUIPlugin:79 - create IPUIPlugin
2022-11-29 19:47:37,587 [INFO] PluginManager:217 - loadIPPluginJar : add i2c
2022-11-29 19:47:37,624 [INFO] IPUIPlugin:79 - create IPUIPlugin
2022-11-29 19:47:37,625 [INFO] PluginManager:217 - loadIPPluginJar : add i2s
2022-11-29 19:47:37,700 [INFO] IPUIPlugin:79 - create IPUIPlugin
2022-11-29 19:47:37,701 [INFO] PluginManager:217 - loadIPPluginJar : add ipddr
2022-11-29 19:47:37,773 [INFO] IPUIPlugin:79 - create IPUIPlugin
2022-11-29 19:47:37,773 [INFO] PluginManager:217 - loadIPPluginJar : add linkedlist
2022-11-29 19:47:37,795 [INFO] IPUIPlugin:79 - create IPUIPlugin
2022-11-29 19:47:37,795 [INFO] PluginManager:217 - loadIPPluginJar : add lorawan
2022-11-29 19:47:37,817 [INFO] IPUIPlugin:79 - create IPUIPlugin
2022-11-29 19:47:37,818 [INFO] PluginManager:217 - loadIPPluginJar : add ltdc
2022-11-29 19:47:37,833 [INFO] IPUIPlugin:79 - create IPUIPlugin
2022-11-29 19:47:37,833 [INFO] PluginManager:217 - loadIPPluginJar : add mdma
2022-11-29 19:47:37,842 [INFO] IPUIPlugin:79 - create IPUIPlugin
2022-11-29 19:47:37,843 [INFO] PluginManager:217 - loadIPPluginJar : add nvic
2022-11-29 19:47:37,866 [INFO] IPUIPlugin:79 - create IPUIPlugin
2022-11-29 19:47:37,866 [INFO] PluginManager:217 - loadIPPluginJar : add opamp
2022-11-29 19:47:37,923 [INFO] IPUIPlugin:79 - create IPUIPlugin
2022-11-29 19:47:37,924 [INFO] PluginManager:217 - loadIPPluginJar : add openamp
2022-11-29 19:47:37,949 [INFO] IPUIPlugin:79 - create IPUIPlugin
2022-11-29 19:47:37,949 [INFO] PluginManager:217 - loadIPPluginJar : add pdm2pcm
2022-11-29 19:47:37,960 [INFO] IPUIPlugin:79 - create IPUIPlugin
2022-11-29 19:47:37,963 [INFO] PluginManager:217 - loadIPPluginJar : add plateformsettings
2022-11-29 19:47:37,976 [INFO] IPUIPlugin:79 - create IPUIPlugin
2022-11-29 19:47:37,976 [INFO] PluginManager:217 - loadIPPluginJar : add quadspi
2022-11-29 19:47:37,987 [INFO] IPUIPlugin:79 - create IPUIPlugin
2022-11-29 19:47:37,987 [INFO] PluginManager:217 - loadIPPluginJar : add resmgrutility
2022-11-29 19:47:38,037 [INFO] IPUIPlugin:79 - create IPUIPlugin
2022-11-29 19:47:38,037 [INFO] PluginManager:217 - loadIPPluginJar : add sai
2022-11-29 19:47:38,061 [INFO] IPUIPlugin:79 - create IPUIPlugin
2022-11-29 19:47:38,061 [INFO] PluginManager:217 - loadIPPluginJar : add spi
2022-11-29 19:47:38,095 [INFO] IPUIPlugin:79 - create IPUIPlugin
2022-11-29 19:47:38,095 [INFO] PluginManager:217 - loadIPPluginJar : add stm32_wpan
2022-11-29 19:47:38,110 [INFO] IPUIPlugin:79 - create IPUIPlugin
2022-11-29 19:47:38,111 [INFO] PluginManager:217 - loadIPPluginJar : add tim
2022-11-29 19:47:38,148 [INFO] IPUIPlugin:79 - create IPUIPlugin
2022-11-29 19:47:38,148 [INFO] PluginManager:217 - loadIPPluginJar : add touchsensing
2022-11-29 19:47:38,162 [INFO] IPUIPlugin:79 - create IPUIPlugin
2022-11-29 19:47:38,163 [INFO] PluginManager:217 - loadIPPluginJar : add tracer_emb
2022-11-29 19:47:38,178 [INFO] IPUIPlugin:79 - create IPUIPlugin
2022-11-29 19:47:38,178 [INFO] PluginManager:217 - loadIPPluginJar : add ts
2022-11-29 19:47:38,192 [INFO] IPUIPlugin:79 - create IPUIPlugin
2022-11-29 19:47:38,192 [INFO] PluginManager:217 - loadIPPluginJar : add tsc
2022-11-29 19:47:38,207 [INFO] IPUIPlugin:79 - create IPUIPlugin
2022-11-29 19:47:38,207 [INFO] PluginManager:217 - loadIPPluginJar : add ucpd
2022-11-29 19:47:38,236 [INFO] IPUIPlugin:79 - create IPUIPlugin
2022-11-29 19:47:38,236 [INFO] PluginManager:217 - loadIPPluginJar : add usart
2022-11-29 19:47:38,263 [INFO] IPUIPlugin:79 - create IPUIPlugin
2022-11-29 19:47:38,264 [INFO] PluginManager:217 - loadIPPluginJar : add usbx
2022-11-29 19:47:38,531 [FATAL] Updater:301 - Updater called before beeing initialized
2022-11-29 19:47:38,632 [FATAL] Updater:301 - Updater called before beeing initialized
2022-11-29 19:47:38,639 [INFO] DbMcusAds:52 - JSON generation date=Thu Sep 30 15:56:37 KST 2021 (1632984997303)
2022-11-29 19:47:38,640 [FATAL] Updater:301 - Updater called before beeing initialized
2022-11-29 19:47:38,707 [WARN] DetailPanel:344 - Failed to get advertising image, set to default
2022-11-29 19:47:38,820 [FATAL] Updater:301 - Updater called before beeing initialized
2022-11-29 19:47:38,822 [FATAL] Updater:301 - Updater called before beeing initialized
2022-11-29 19:47:38,822 [FATAL] Updater:301 - Updater called before beeing initialized
2022-11-29 19:47:38,822 [WARN] DetailPanel:344 - Failed to get advertising image, set to default
2022-11-29 19:47:38,823 [FATAL] Updater:301 - Updater called before beeing initialized
2022-11-29 19:47:38,875 [ERROR] Updater:1105 - MainUpdater not yet initialized. External WinMGr cannot be set.
2022-11-29 19:47:38,882 [INFO] Updater:1041 - Updater Version found : 6.6.1
2022-11-29 19:47:38,895 [INFO] ApplicationProperties:181 - Using Application install path: D:\Professional Software\STM32CubeIDE\STM32CubeIDE_1.10.1\STM32CubeIDE\plugins\com.st.stm32cube.common.mx_6.6.1.202207061420
2022-11-29 19:47:39,198 [INFO] MainUpdater:2768 - connection check result : 10
2022-11-29 19:47:39,199 [INFO] MainUpdater:280 - Updater Check For Update Now.
2022-11-29 19:47:39,199 [INFO] MicroXplorer:481 - Change Database Version : DB.6.0.60
2022-11-29 19:47:39,373 [INFO] CheckServerUpdateThread:119 - End of CheckServer Thread
2022-11-29 19:47:39,431 [INFO] MainUpdater:2768 - connection check result : 10
2022-11-29 19:47:39,436 [INFO] MainUpdater:2768 - connection check result : 10
2022-11-29 19:47:39,594 [INFO] MicroXplorer:451 - Change Database Path : 
2022-11-29 19:47:39,594 [INFO] MicroXplorer:481 - Change Database Version : DB.6.0.60
2022-11-29 19:47:39,595 [WARN] ThirdParty:827 - waiting for thirdparty lock release [close project]
2022-11-29 19:47:39,783 [WARN] PackLoader:242 - Cannot read IP mode file for STMicroelectronics.X-CUBE-GNSS1.6.0.0
2022-11-29 19:47:39,814 [WARN] PackLoader:242 - Cannot read IP mode file for STMicroelectronics.X-CUBE-AZRTOS-F4.1.1.0
2022-11-29 19:47:39,829 [WARN] PackLoader:242 - Cannot read IP mode file for STMicroelectronics.X-CUBE-BLEMGR.1.2.0
2022-11-29 19:47:39,856 [WARN] PackLoader:242 - Cannot read IP mode file for STMicroelectronics.X-CUBE-AZRTOS-F7.1.1.0
2022-11-29 19:47:39,867 [WARN] PackLoader:242 - Cannot read IP mode file for STMicroelectronics.X-CUBE-BLE1.6.2.3
2022-11-29 19:47:39,881 [WARN] PackLoader:242 - Cannot read IP mode file for emotas.I-CUBE-CANOPEN.1.1.3
2022-11-29 19:47:39,891 [WARN] PackLoader:242 - Cannot read IP mode file for STMicroelectronics.X-CUBE-NFC4.2.0.5
2022-11-29 19:47:39,901 [WARN] PackLoader:242 - Cannot read IP mode file for STMicroelectronics.X-CUBE-NFC4.2.0.4
2022-11-29 19:47:39,910 [WARN] PackLoader:242 - Cannot read IP mode file for wolfSSL.I-CUBE-wolfSSL.5.5.3
2022-11-29 19:47:39,919 [WARN] PackLoader:242 - Cannot read IP mode file for STMicroelectronics.X-CUBE-NFC7.1.0.0
2022-11-29 19:47:39,961 [WARN] PackLoader:242 - Cannot read IP mode file for STMicroelectronics.X-CUBE-MEMS1.9.3.0
2022-11-29 19:47:40,079 [WARN] PackLoader:242 - Cannot read IP mode file for STMicroelectronics.X-CUBE-SFXS2LP1.4.0.0
2022-11-29 19:47:40,089 [WARN] PackLoader:242 - Cannot read IP mode file for STMicroelectronics.X-CUBE-BLE2.3.3.0
2022-11-29 19:47:40,099 [WARN] PackLoader:242 - Cannot read IP mode file for STMicroelectronics.X-CUBE-DISPLAY.2.2.0
2022-11-29 19:47:40,114 [WARN] PackLoader:242 - Cannot read IP mode file for STMicroelectronics.X-CUBE-TOF1.3.2.0
2022-11-29 19:47:40,126 [WARN] PackLoader:242 - Cannot read IP mode file for STMicroelectronics.X-CUBE-ISPU.1.1.0
2022-11-29 19:47:40,138 [WARN] PackLoader:242 - Cannot read IP mode file for RoweBots.I-CUBE-UNISONRTOS.5.5.0-4
2022-11-29 19:47:40,159 [WARN] PackLoader:242 - Cannot read IP mode file for STMicroelectronics.X-CUBE-AZRTOS-H7.2.1.0
2022-11-29 19:47:40,169 [WARN] PackLoader:242 - Cannot read IP mode file for STMicroelectronics.X-CUBE-AI.7.3.0
2022-11-29 19:47:40,178 [WARN] PackLoader:242 - Cannot read IP mode file for STMicroelectronics.X-CUBE-ALGOBUILD.1.3.0
2022-11-29 19:47:40,197 [WARN] PackLoader:242 - Cannot read IP mode file for STMicroelectronics.X-CUBE-AZRTOS-G0.1.1.0
2022-11-29 19:47:40,211 [WARN] PackLoader:242 - Cannot read IP mode file for STMicroelectronics.X-CUBE-SUBG2.5.0.0
2022-11-29 19:47:40,255 [WARN] PackLoader:242 - Cannot read IP mode file for SEGGER.I-CUBE-embOS.1.2.1
2022-11-29 19:47:40,315 [WARN] PackLoader:242 - Cannot read IP mode file for STMicroelectronics.FP-ATR-ASTRA1.1.1.1
2022-11-29 19:47:40,332 [WARN] PackLoader:242 - Cannot read IP mode file for STMicroelectronics.X-CUBE-AZRTOS-G4.1.0.0
2022-11-29 19:47:40,342 [WARN] PackLoader:242 - Cannot read IP mode file for STMicroelectronics.FP-ATR-SIGFOX1.3.2.0
2022-11-29 19:47:40,362 [WARN] PackLoader:242 - Cannot read IP mode file for STMicroelectronics.X-CUBE-AZRTOS-L4.1.0.0
2022-11-29 19:47:40,372 [WARN] PackLoader:242 - Cannot read IP mode file for STMicroelectronics.X-CUBE-TOUCHGFX.4.20.0
2022-11-29 19:47:40,386 [WARN] PackLoader:242 - Cannot read IP mode file for STMicroelectronics.X-CUBE-AZRTOS-WL.1.0.0
2022-11-29 19:47:40,396 [WARN] PackLoader:242 - Cannot read IP mode file for portGmbH.I-Cube-SoM-uGOAL.1.1.0
2022-11-29 19:47:40,403 [WARN] PackLoader:242 - Cannot read IP mode file for STMicroelectronics.X-CUBE-ALS.1.0.1
2022-11-29 19:47:40,421 [WARN] PackLoader:242 - Cannot read IP mode file for STMicroelectronics.X-CUBE-AZRTOS-L5.1.0.0
2022-11-29 19:47:40,431 [WARN] PackLoader:242 - Cannot read IP mode file for STMicroelectronics.X-CUBE-EEPRMA1.3.1.1
2022-11-29 19:47:40,432 [INFO] ThirdParty:929 - Integrity check success = true
2022-11-29 19:47:40,432 [INFO] IntegrityCheckThread:98 - exiting critical section [integrity check]
2022-11-29 19:47:40,432 [INFO] IntegrityCheckThread:101 - End integrity checks thread
2022-11-29 19:47:40,432 [INFO] ThirdParty:829 - entering critical section [close project]
2022-11-29 19:47:40,433 [INFO] ThirdParty:839 - exiting critical section [close project]
2022-11-29 19:47:40,436 [INFO] PinOutPanel:1468 - setPackage(No Configuration,No Configuration)
2022-11-29 19:47:40,440 [INFO] UtilMem:74 - Begin LoadConfig() Used Memory: 188149304 Bytes (268435456)
2022-11-29 19:47:40,442 [INFO] MicroXplorer:451 - Change Database Path : 
2022-11-29 19:47:40,442 [INFO] MicroXplorer:481 - Change Database Version : DB.6.0.60
2022-11-29 19:47:40,442 [INFO] OpenFileManager:307 - Change cursor
2022-11-29 19:47:40,468 [INFO] Mcu:1922 - Initializing MCU STM32F103C(8-B)Tx STM32F103C8Tx STM32F103C8T6
2022-11-29 19:47:41,194 [INFO] Context:654 - Trying to add GPIOservice into a context  which must be forbidden
2022-11-29 19:47:41,432 [WARN] ApiManager:308 - Cannot register API 'Board Extension:GNSS1A1' from pack STMicroelectronics.X-CUBE-GNSS1.6.0.0: no header file found
2022-11-29 19:47:41,433 [WARN] ApiManager:308 - Cannot register API 'Board Support:Custom' from pack STMicroelectronics.X-CUBE-GNSS1.6.0.0: no header file found
2022-11-29 19:47:41,433 [WARN] ApiManager:308 - Cannot register API 'Data Exchange:lib_gnss' from pack STMicroelectronics.X-CUBE-GNSS1.6.0.0: no header file found
2022-11-29 19:47:41,444 [WARN] ApiManager:308 - Cannot register API 'Wireless:BlueNRG-MS' from pack STMicroelectronics.X-CUBE-BLE1.6.2.3: no header file found
2022-11-29 19:47:41,446 [INFO] RtosManager:488 - Registered RTOS mode: class=CMSIS, group=RTOS, mode=CMSIS_V1, owner=FREERTOS
2022-11-29 19:47:41,446 [INFO] RtosManager:488 - Registered RTOS mode: class=CMSIS, group=RTOS2, mode=CMSIS_V2, owner=FREERTOS
2022-11-29 19:47:41,446 [INFO] RtosManager:488 - Registered RTOS mode: class=RTOS, group=Core, mode=CMSIS_V1, owner=FREERTOS
2022-11-29 19:47:41,446 [INFO] RtosManager:488 - Registered RTOS mode: class=RTOS, group=Core, mode=CMSIS_V2, owner=FREERTOS
2022-11-29 19:47:41,446 [WARN] ModelIntegratedComponent:185 - Missing modes for component STMicroelectronics:FreeRTOS:0.0.1:STMicroelectronics:RTOS:FreeRTOS:Core:::10.2.0:
2022-11-29 19:47:41,451 [WARN] ApiManager:308 - Cannot register API 'Board Extension:S2868A1' from pack STMicroelectronics.X-CUBE-SUBG2.5.0.0: no header file found
2022-11-29 19:47:41,451 [WARN] ApiManager:308 - Cannot register API 'Board Extension:S2868A2' from pack STMicroelectronics.X-CUBE-SUBG2.5.0.0: no header file found
2022-11-29 19:47:41,451 [WARN] ApiManager:308 - Cannot register API 'Board Extension:S2915A1' from pack STMicroelectronics.X-CUBE-SUBG2.5.0.0: no header file found
2022-11-29 19:47:41,455 [WARN] ApiManager:308 - Cannot register API 'Board Extension:NFC04A1' from pack STMicroelectronics.X-CUBE-NFC4.2.0.5: no header file found
2022-11-29 19:47:41,456 [WARN] ApiManager:308 - Cannot register API 'Board Extension:NFC04A1' from pack STMicroelectronics.X-CUBE-NFC4.2.0.4: no header file found
2022-11-29 19:47:41,460 [WARN] ModelIntegratedComponent:64 - No mode defined for component null
2022-11-29 19:47:41,460 [WARN] ModelIntegratedComponent:64 - No mode defined for component null
2022-11-29 19:47:41,460 [WARN] ModelIntegratedComponent:64 - No mode defined for component null
2022-11-29 19:47:41,460 [WARN] ModelIntegratedComponent:64 - No mode defined for component null
2022-11-29 19:47:41,460 [WARN] ModelIntegratedComponent:64 - No mode defined for component null
2022-11-29 19:47:41,460 [WARN] ModelIntegratedComponent:64 - No mode defined for component null
2022-11-29 19:47:41,460 [WARN] ModelIntegratedComponent:64 - No mode defined for component null
2022-11-29 19:47:41,461 [WARN] ModelIntegratedComponent:64 - No mode defined for component null
2022-11-29 19:47:41,461 [WARN] ModelIntegratedComponent:64 - No mode defined for component null
2022-11-29 19:47:41,461 [WARN] ModelIntegratedComponent:64 - No mode defined for component null
2022-11-29 19:47:41,461 [WARN] ModelIntegratedComponent:64 - No mode defined for component null
2022-11-29 19:47:41,461 [WARN] ModelIntegratedComponent:64 - No mode defined for component null
2022-11-29 19:47:41,461 [WARN] ModelIntegratedComponent:64 - No mode defined for component null
2022-11-29 19:47:41,461 [WARN] ModelIntegratedComponent:64 - No mode defined for component null
2022-11-29 19:47:41,461 [WARN] ModelIntegratedComponent:64 - No mode defined for component null
2022-11-29 19:47:41,461 [WARN] ModelIntegratedComponent:64 - No mode defined for component null
2022-11-29 19:47:41,461 [WARN] ModelIntegratedComponent:64 - No mode defined for component null
2022-11-29 19:47:41,461 [WARN] ModelIntegratedComponent:64 - No mode defined for component null
2022-11-29 19:47:41,461 [WARN] ModelIntegratedComponent:64 - No mode defined for component null
2022-11-29 19:47:41,461 [WARN] ModelIntegratedComponent:64 - No mode defined for component null
2022-11-29 19:47:41,462 [WARN] ModelIntegratedComponent:64 - No mode defined for component null
2022-11-29 19:47:41,462 [WARN] ModelIntegratedComponent:64 - No mode defined for component null
2022-11-29 19:47:41,462 [WARN] ModelIntegratedComponent:64 - No mode defined for component null
2022-11-29 19:47:41,462 [WARN] ModelIntegratedComponent:64 - No mode defined for component null
2022-11-29 19:47:41,462 [WARN] ModelIntegratedComponent:64 - No mode defined for component null
2022-11-29 19:47:41,462 [WARN] ModelIntegratedComponent:64 - No mode defined for component null
2022-11-29 19:47:41,462 [WARN] ModelIntegratedComponent:64 - No mode defined for component null
2022-11-29 19:47:41,462 [WARN] ModelIntegratedComponent:64 - No mode defined for component null
2022-11-29 19:47:41,462 [WARN] ModelIntegratedComponent:64 - No mode defined for component null
2022-11-29 19:47:41,462 [WARN] ModelIntegratedComponent:64 - No mode defined for component null
2022-11-29 19:47:41,462 [WARN] ModelIntegratedComponent:64 - No mode defined for component null
2022-11-29 19:47:41,462 [WARN] ModelIntegratedComponent:64 - No mode defined for component null
2022-11-29 19:47:41,463 [WARN] ModelIntegratedComponent:64 - No mode defined for component null
2022-11-29 19:47:41,464 [WARN] ApiManager:308 - Cannot register API 'Board Extension:NFC07A1' from pack STMicroelectronics.X-CUBE-NFC7.1.0.0: no header file found
2022-11-29 19:47:41,567 [WARN] ApiManager:308 - Cannot register API 'Board Extension:IKS01A3' from pack STMicroelectronics.X-CUBE-MEMS1.9.3.0: no header file found
2022-11-29 19:47:41,567 [WARN] ApiManager:308 - Cannot register API 'Board Extension:IKS01A2' from pack STMicroelectronics.X-CUBE-MEMS1.9.3.0: no header file found
2022-11-29 19:47:41,567 [WARN] ApiManager:308 - Cannot register API 'Board Extension:IKS02A1' from pack STMicroelectronics.X-CUBE-MEMS1.9.3.0: no header file found
2022-11-29 19:47:41,575 [WARN] ApiManager:308 - Cannot register API 'Board Extension:EEPRMA1' from pack STMicroelectronics.X-CUBE-EEPRMA1.3.1.1: no header file found
2022-11-29 19:47:41,576 [WARN] ApiManager:308 - Cannot register API 'Board Extension:EEPRMA2' from pack STMicroelectronics.X-CUBE-EEPRMA1.3.1.1: no header file found
2022-11-29 19:47:41,576 [WARN] ApiManager:308 - Cannot register API 'Board Extension:S2868A1' from pack STMicroelectronics.X-CUBE-SFXS2LP1.4.0.0: no header file found
2022-11-29 19:47:41,577 [WARN] ApiManager:308 - Cannot register API 'Board Extension:S2868A2' from pack STMicroelectronics.X-CUBE-SFXS2LP1.4.0.0: no header file found
2022-11-29 19:47:41,577 [WARN] ApiManager:308 - Cannot register API 'Board Extension:S2915A1' from pack STMicroelectronics.X-CUBE-SFXS2LP1.4.0.0: no header file found
2022-11-29 19:47:41,577 [WARN] ApiManager:308 - Cannot register API 'Wireless:BlueNRG-2' from pack STMicroelectronics.X-CUBE-BLE2.3.3.0: no header file found
2022-11-29 19:47:41,591 [INFO] ThirdPartyModel:289 - Start build external matchings
2022-11-29 19:47:41,826 [INFO] ThirdPartyModel:302 - End build external matchings
2022-11-29 19:47:42,037 [INFO] UtilMem:74 - End LoadConfig() Used Memory: 139903680 Bytes (268435456)
2022-11-29 19:47:42,131 [INFO] ApiDb:576 - Connected to CubeFinder SQLite database (C:\Users\BRL\.stmcufinder\plugins\mcufinder\mcu\cube-finder-db.db)
2022-11-29 19:47:42,158 [INFO] ApiDb:663 - CubeFinder database Data Model version=2.1
2022-11-29 19:47:42,158 [INFO] ApiDb:664 - CubeFinder database Configuration version=3.0.32
2022-11-29 19:47:42,159 [INFO] ApiDb:665 - CubeFinder database generation date=2022-08-05 (1659688109)
2022-11-29 19:47:42,159 [INFO] ApiDb:666 - CubeFinder database FW Pack versions=[STM32Cube_FW_C0_V1.0.0, STM32Cube_FW_F4_V1.27.1, STM32Cube_FW_F7_V1.17.0, STM32Cube_FW_G0_V1.6.1, STM32Cube_FW_G4_V1.5.0, STM32Cube_FW_H7_V1.10.0, STM32Cube_FW_L5_V1.4.0, STM32Cube_FW_U5_V1.1.1, STM32Cube_FW_WB_V1.14.1, STM32Cube_FW_WL_V1.2.0, X-CUBE-ALGOBUILD_V1.3.0, X-CUBE-ALS_V1.0.1, X-CUBE-AZRTOS-F4_V1.1.0, X-CUBE-AZRTOS-F7_V1.1.0, X-CUBE-AZRTOS-G0_V1.1.0, X-CUBE-AZRTOS-G4_V1.0.0, X-CUBE-AZRTOS-H7_V2.1.0, X-CUBE-AZRTOS-L4_V1.0.0, X-CUBE-AZRTOS-L5_V1.0.0, X-CUBE-AZRTOS-WL_V1.0.0, X-CUBE-BLE1_V6.2.3, X-CUBE-BLE2_V3.3.0, X-CUBE-EEPRMA1_V3.1.1, X-CUBE-GNSS1_V6.0.0, X-CUBE-MEMS1_V9.1.0, X-CUBE-MEMS1_V9.3.0, X-CUBE-NFC4_V2.0.4, X-CUBE-NFC7_V1.0.0, X-CUBE-SFXS2LP1_V4.0.0, X-CUBE-SUBG2_V5.0.0]
2022-11-29 19:47:42,535 [ERROR] LogOutputStream:74 - [STDERR_REDIRECT] SLF4J: Failed to load class "org.slf4j.impl.StaticLoggerBinder".
2022-11-29 19:47:42,536 [ERROR] LogOutputStream:74 - [STDERR_REDIRECT] SLF4J: Defaulting to no-operation (NOP) logger implementation
2022-11-29 19:47:42,537 [ERROR] LogOutputStream:74 - [STDERR_REDIRECT] SLF4J: See http://www.slf4j.org/codes.html#StaticLoggerBinder for further details.
2022-11-29 19:47:43,773 [INFO] ApiDb:239 - Found 138 in-development CPN: [B-WB1M-WPAN1, NUCLEO-C031C6, STEVAL-STWINBX1, STM320518-EVAL, STM32C0116-DK, STM32C011D6Y3TR, STM32C011D6Y6TR, STM32C011F4P3, STM32C011F4P6, STM32C011F4U3, STM32C011F4U6TR, STM32C011F6P3, STM32C011F6P6, STM32C011F6U3, STM32C011F6U6TR, STM32C011J4M3, STM32C011J4M6, STM32C011J6M3, STM32C011J6M6, STM32C0316-DK, STM32C031C4T3, STM32C031C4T6, STM32C031C4U3, STM32C031C4U6, STM32C031C6T3, STM32C031C6T6, STM32C031C6U3, STM32C031C6U6, STM32C031F4P3, STM32C031F4P6, STM32C031F6P3, STM32C031F6P6, STM32C031G4U3, STM32C031G4U6, STM32C031G6U3, STM32C031G6U6, STM32C031K4T3, STM32C031K4T6, STM32C031K4U3, STM32C031K4U6, STM32C031K6T3, STM32C031K6T6, STM32C031K6U3, STM32C031K6U6, STM32G071K8TXN, STM32G071K8UXN, STM32G081GBU6N, STM32G081KBT6N, STM32G081KBUXN, STM32G0B1CCT6N, STM32G0B1KCT6, STM32G0B1NEY6TR, STM32G0B1RCT6N, STM32G0C1CCT6, STM32G0C1CCT6N, STM32G0C1CCU6N, STM32G0C1CET6N, STM32G0C1CEU6N, STM32G0C1KCT6, STM32G0C1NEY6TR, STM32G0C1RCI6N, STM32G0C1RCT6N, STM32G0C1REI6N, STM32G0C1RET6N, STM32G0C1VCI6, STM32G0C1VEI6, STM32G471CCT6, STM32G471CCU6, STM32G471CET3, STM32G471CET6, STM32G471CEU3, STM32G471CEU6, STM32G471MCT6, STM32G471MET3, STM32G471MET6, STM32G471MEY6TR, STM32G471QCT6, STM32G471QET3, STM32G471RCT6, STM32G471RET3, STM32G471RET6, STM32G471VCH6, STM32G471VCI6, STM32G471VCT6, STM32G471VEH3, STM32G471VEH6, STM32G471VEI3, STM32G471VEI6, STM32G471VET3, STM32G471VET6, STM32G474CCT6, STM32L476VGY6PTR, STM32L4R5QGI6STR, STM32MP131AAE3, STM32MP131AAF3, STM32MP131AAG3, STM32MP131CAE3, STM32MP131CAF3, STM32MP131CAG3, STM32MP131DAE7, STM32MP131DAF7, STM32MP131DAG7, STM32MP131FAE7, STM32MP131FAF7, STM32MP131FAG7, STM32MP133AAE3, STM32MP133AAF3, STM32MP133AAG3, STM32MP133CAE3, STM32MP133CAF3, STM32MP133CAG3, STM32MP133DAE7, STM32MP133DAF7, STM32MP133DAG7, STM32MP133FAE7, STM32MP133FAF7, STM32MP133FAG7, STM32MP135AAE3, STM32MP135AAF3, STM32MP135AAG3, STM32MP135CAE3, STM32MP135CAF3, STM32MP135CAG3, STM32MP135DAE7, STM32MP135DAF7, STM32MP135DAG7, STM32MP135F-DK, STM32MP135FAE7, STM32MP135FAF7, STM32MP135FAG7, STM32U595ZJT6Q, STM32U599BJY6QTR, STM32U599NIH6Q, STM32U599NJH6Q, STM32U5A5ZJT6Q, STM32U5A9BJY6QTR, STM32U5A9NJH6Q, STM32WB1MMCH6]
2022-11-29 19:47:43,777 [INFO] DbMcus:215 - Found 3542 MCUs, 3542 are supported
2022-11-29 19:47:43,780 [INFO] ApiDb:418 - Load user favorites file C:\Users\BRL/.stm32cubeide/favorites.mcus.txt: 0 item(s)
2022-11-29 19:47:43,780 [INFO] ApiDb:422 - User favorites MCUs=[]
2022-11-29 19:47:43,780 [INFO] DbMcus:221 - Set 0 / 0 favorites MCUs
2022-11-29 19:47:43,791 [WARN] ThirdParty:789 - waiting for thirdparty lock release [change project]
2022-11-29 19:47:43,791 [INFO] ThirdParty:791 - entering critical section [change project]
2022-11-29 19:47:43,792 [INFO] ThirdParty:981 - CMSIS Pack Vendor :STMicroelectronics X-CUBE-ISPU 1.1.0
2022-11-29 19:47:43,792 [INFO] ThirdParty:981 - CMSIS Pack Vendor :RoweBots I-CUBE-UNISONRTOS 5.5.0-4
2022-11-29 19:47:43,792 [INFO] ThirdParty:981 - CMSIS Pack Vendor :STMicroelectronics X-CUBE-GNSS1 6.0.0
2022-11-29 19:47:43,792 [INFO] ThirdParty:981 - CMSIS Pack Vendor :STMicroelectronics X-CUBE-AZRTOS-H7 2.1.0
2022-11-29 19:47:43,792 [INFO] ThirdParty:981 - CMSIS Pack Vendor :STMicroelectronics USB_HOST 2.0.0
2022-11-29 19:47:43,792 [INFO] ThirdParty:981 - CMSIS Pack Vendor :STMicroelectronics X-CUBE-AZRTOS-F4 1.1.0
2022-11-29 19:47:43,792 [INFO] ThirdParty:981 - CMSIS Pack Vendor :STMicroelectronics LIBJPEG 8.0.0
2022-11-29 19:47:43,792 [INFO] ThirdParty:981 - CMSIS Pack Vendor :STMicroelectronics USB_DEVICE 3.0.0
2022-11-29 19:47:43,792 [INFO] ThirdParty:981 - CMSIS Pack Vendor :STMicroelectronics X-CUBE-BLEMGR 1.2.0
2022-11-29 19:47:43,792 [INFO] ThirdParty:981 - CMSIS Pack Vendor :STMicroelectronics X-CUBE-AZRTOS-F7 1.1.0
2022-11-29 19:47:43,792 [INFO] ThirdParty:981 - CMSIS Pack Vendor :STMicroelectronics USB_DEVICE 2.0.0
2022-11-29 19:47:43,792 [INFO] ThirdParty:981 - CMSIS Pack Vendor :STMicroelectronics X-CUBE-AI 7.3.0
2022-11-29 19:47:43,792 [INFO] ThirdParty:981 - CMSIS Pack Vendor :STMicroelectronics X-CUBE-BLE1 6.2.3
2022-11-29 19:47:43,793 [INFO] ThirdParty:981 - CMSIS Pack Vendor :STMicroelectronics X-CUBE-ALGOBUILD 1.3.0
2022-11-29 19:47:43,793 [INFO] ThirdParty:981 - CMSIS Pack Vendor :STMicroelectronics FreeRTOS 0.0.1
2022-11-29 19:47:43,793 [INFO] ThirdParty:981 - CMSIS Pack Vendor :emotas I-CUBE-CANOPEN 1.1.3
2022-11-29 19:47:43,793 [INFO] ThirdParty:981 - CMSIS Pack Vendor :STMicroelectronics X-CUBE-AZRTOS-G0 1.1.0
2022-11-29 19:47:43,793 [INFO] ThirdParty:981 - CMSIS Pack Vendor :STMicroelectronics X-CUBE-SUBG2 5.0.0
2022-11-29 19:47:43,793 [INFO] ThirdParty:981 - CMSIS Pack Vendor :STMicroelectronics STM32_WPAN 1.0.0
2022-11-29 19:47:43,793 [INFO] ThirdParty:981 - CMSIS Pack Vendor :SEGGER I-CUBE-embOS 1.2.1
2022-11-29 19:47:43,793 [INFO] ThirdParty:981 - CMSIS Pack Vendor :STMicroelectronics lwIP 2.0.3
2022-11-29 19:47:43,793 [INFO] ThirdParty:981 - CMSIS Pack Vendor :STMicroelectronics X-CUBE-NFC4 2.0.5
2022-11-29 19:47:43,793 [INFO] ThirdParty:981 - CMSIS Pack Vendor :STMicroelectronics X-CUBE-NFC4 2.0.4
2022-11-29 19:47:43,793 [INFO] ThirdParty:981 - CMSIS Pack Vendor :STMicroelectronics USB_HOST 1.0.0
2022-11-29 19:47:43,793 [INFO] ThirdParty:981 - CMSIS Pack Vendor :STMicroelectronics PDM2PCM 3.1.0
2022-11-29 19:47:43,793 [INFO] ThirdParty:981 - CMSIS Pack Vendor :STMicroelectronics FP-ATR-ASTRA1 1.1.1
2022-11-29 19:47:43,793 [INFO] ThirdParty:981 - CMSIS Pack Vendor :STMicroelectronics PDM2PCM 3.3.0
2022-11-29 19:47:43,793 [INFO] ThirdParty:981 - CMSIS Pack Vendor :wolfSSL I-CUBE-wolfSSL 5.5.3
2022-11-29 19:47:43,794 [INFO] ThirdParty:981 - CMSIS Pack Vendor :STMicroelectronics X-CUBE-AZRTOS-G4 1.0.0
2022-11-29 19:47:43,794 [INFO] ThirdParty:981 - CMSIS Pack Vendor :STMicroelectronics FP-ATR-SIGFOX1 3.2.0
2022-11-29 19:47:43,794 [INFO] ThirdParty:981 - CMSIS Pack Vendor :STMicroelectronics X-CUBE-AZRTOS-L4 1.0.0
2022-11-29 19:47:43,794 [INFO] ThirdParty:981 - CMSIS Pack Vendor :STMicroelectronics HAL Drivers 0.0.0
2022-11-29 19:47:43,794 [INFO] ThirdParty:981 - CMSIS Pack Vendor :STMicroelectronics MBEDTLS 2.16.2
2022-11-29 19:47:43,794 [INFO] ThirdParty:981 - CMSIS Pack Vendor :STMicroelectronics X-CUBE-TOUCHGFX 4.20.0
2022-11-29 19:47:43,794 [INFO] ThirdParty:981 - CMSIS Pack Vendor :STMicroelectronics MBEDTLS 2.14.1
2022-11-29 19:47:43,794 [INFO] ThirdParty:981 - CMSIS Pack Vendor :STMicroelectronics X-CUBE-NFC7 1.0.0
2022-11-29 19:47:43,794 [INFO] ThirdParty:981 - CMSIS Pack Vendor :STMicroelectronics X-CUBE-AZRTOS-WL 1.0.0
2022-11-29 19:47:43,794 [INFO] ThirdParty:981 - CMSIS Pack Vendor :STMicroelectronics X-CUBE-MEMS1 9.3.0
2022-11-29 19:47:43,794 [INFO] ThirdParty:981 - CMSIS Pack Vendor :portGmbH I-Cube-SoM-uGOAL 1.1.0
2022-11-29 19:47:43,794 [INFO] ThirdParty:981 - CMSIS Pack Vendor :STMicroelectronics X-CUBE-ALS 1.0.1
2022-11-29 19:47:43,794 [INFO] ThirdParty:981 - CMSIS Pack Vendor :STMicroelectronics ThreadX 1.0.0
2022-11-29 19:47:43,794 [INFO] ThirdParty:981 - CMSIS Pack Vendor :STMicroelectronics X-CUBE-AZRTOS-L5 1.0.0
2022-11-29 19:47:43,794 [INFO] ThirdParty:981 - CMSIS Pack Vendor :STMicroelectronics USB_DEVICE 1.0.0
2022-11-29 19:47:43,795 [INFO] ThirdParty:981 - CMSIS Pack Vendor :STMicroelectronics X-CUBE-EEPRMA1 3.1.1
2022-11-29 19:47:43,795 [INFO] ThirdParty:981 - CMSIS Pack Vendor :STMicroelectronics ThreadX 0.0.2
2022-11-29 19:47:43,795 [INFO] ThirdParty:981 - CMSIS Pack Vendor :STMicroelectronics lwIP 2.1.2
2022-11-29 19:47:43,795 [INFO] ThirdParty:981 - CMSIS Pack Vendor :STMicroelectronics X-CUBE-SFXS2LP1 4.0.0
2022-11-29 19:47:43,795 [INFO] ThirdParty:981 - CMSIS Pack Vendor :STMicroelectronics X-CUBE-BLE2 3.3.0
2022-11-29 19:47:43,795 [INFO] ThirdParty:981 - CMSIS Pack Vendor :STMicroelectronics X-CUBE-DISPLAY 2.2.0
2022-11-29 19:47:43,795 [INFO] ThirdParty:981 - CMSIS Pack Vendor :STMicroelectronics X-CUBE-TOF1 3.2.0
2022-11-29 19:47:43,795 [INFO] ThirdParty:981 - CMSIS Pack Vendor :STMicroelectronics PDM2PCM 3.2.0
2022-11-29 19:47:43,795 [INFO] ThirdParty:797 - exiting critical section [change project]
2022-11-29 19:47:44,130 [INFO] PinOutPanel:1468 - setPackage(No Configuration,No Configuration)
2022-11-29 19:47:44,131 [INFO] PinOutPanel:1468 - setPackage(STM32F103C8Tx,LQFP48)
2022-11-29 19:47:44,468 [INFO] UtilMem:74 - Before build in PCC Used Memory: 191923456 Bytes (291504128)
2022-11-29 19:47:45,085 [INFO] UtilMem:74 - After build in PCC Used Memory: 177041920 Bytes (291504128)
2022-11-29 19:47:45,103 [INFO] IPUIPlugin:79 - create IPUIPlugin
2022-11-29 19:47:45,103 [INFO] IPUIPlugin:79 - create IPUIPlugin
2022-11-29 19:47:45,103 [INFO] IPUIPlugin:79 - create IPUIPlugin
2022-11-29 19:47:45,103 [INFO] IPUIPlugin:79 - create IPUIPlugin
2022-11-29 19:47:45,103 [INFO] IPUIPlugin:79 - create IPUIPlugin
2022-11-29 19:47:45,103 [INFO] IPUIPlugin:79 - create IPUIPlugin
2022-11-29 19:47:45,103 [INFO] IPUIPlugin:79 - create IPUIPlugin
2022-11-29 19:47:45,103 [INFO] IPUIPlugin:79 - create IPUIPlugin
2022-11-29 19:47:45,104 [INFO] IPUIPlugin:79 - create IPUIPlugin
2022-11-29 19:47:45,104 [INFO] IPUIPlugin:79 - create IPUIPlugin
2022-11-29 19:47:45,104 [INFO] IPUIPlugin:79 - create IPUIPlugin
2022-11-29 19:47:45,104 [INFO] IPUIPlugin:79 - create IPUIPlugin
2022-11-29 19:47:45,105 [INFO] IPUIPlugin:79 - create IPUIPlugin
2022-11-29 19:47:45,105 [INFO] IPUIPlugin:79 - create IPUIPlugin
2022-11-29 19:47:45,105 [INFO] IPUIPlugin:79 - create IPUIPlugin
2022-11-29 19:47:45,105 [INFO] IPUIPlugin:79 - create IPUIPlugin
2022-11-29 19:47:45,105 [INFO] IPUIPlugin:79 - create IPUIPlugin
2022-11-29 19:47:45,105 [INFO] IPUIPlugin:79 - create IPUIPlugin
2022-11-29 19:47:45,106 [INFO] IPUIPlugin:79 - create IPUIPlugin
2022-11-29 19:47:45,106 [INFO] IPUIPlugin:79 - create IPUIPlugin
2022-11-29 19:47:45,106 [INFO] IPUIPlugin:79 - create IPUIPlugin
2022-11-29 19:47:45,106 [INFO] IPUIPlugin:79 - create IPUIPlugin
2022-11-29 19:47:45,107 [INFO] IPUIPlugin:79 - create IPUIPlugin
2022-11-29 19:47:45,107 [INFO] IPUIPlugin:79 - create IPUIPlugin
2022-11-29 19:47:45,107 [INFO] IPUIPlugin:79 - create IPUIPlugin
2022-11-29 19:47:45,107 [INFO] IPUIPlugin:79 - create IPUIPlugin
2022-11-29 19:47:45,108 [INFO] IPUIPlugin:79 - create IPUIPlugin
2022-11-29 19:47:45,114 [WARN] IP:2111 - I2C_Coeff_DF not found: check if there is a RefParameter without a condition.
2022-11-29 19:47:45,115 [WARN] IP:2111 - Analog_Filter not found: check if there is a RefParameter without a condition.
2022-11-29 19:47:45,291 [INFO] OpenFileManager:327 - Restore cursor
2022-11-29 19:47:45,355 [WARN] IP:2111 - I2C_Coeff_DF not found: check if there is a RefParameter without a condition.
2022-11-29 19:47:45,355 [WARN] IP:2111 - Analog_Filter not found: check if there is a RefParameter without a condition.
2022-11-29 19:47:45,355 [WARN] IP:2111 - I2C_Coeff_DF not found: check if there is a RefParameter without a condition.
2022-11-29 19:47:45,355 [WARN] IP:2111 - Analog_Filter not found: check if there is a RefParameter without a condition.
2022-11-29 19:55:58,111 [INFO] MainUpdater:2768 - connection check result : 10
2022-11-29 19:55:58,304 [INFO] McuFinderGlobals:57 - Set McuFinderConnectedMode to true
2022-11-29 19:55:58,416 [INFO] ServerAccessManage:474 - Download File mcusAds.json._tmp_
2022-11-29 19:55:58,564 [INFO] LoadUrlFilesThread:150 - End of LoadUrlFiles Thread
2022-11-29 19:55:58,677 [INFO] ServerAccessManage:474 - Download File cube-finder-db.zip
2022-11-29 19:55:59,778 [ERROR] ServerAccessManage:652 - User Cancel Download : cube-finder-db.zip.
2022-11-29 19:55:59,909 [INFO] LoadUrlFilesThread:150 - End of LoadUrlFiles Thread
2022-11-29 19:56:01,120 [INFO] DbMcusAds:52 - JSON generation date=Thu Sep 30 15:56:37 KST 2021 (1632984997303)
2022-11-29 19:56:01,124 [INFO] ApiDb:443 - Save user favorites file C:\Users\BRL/.stm32cubeide/favorites.mcus.txt: 0 item(s)
2022-11-29 19:56:01,124 [INFO] ApiDb:447 - User favorites MCUs=[]
2022-11-29 19:56:01,126 [INFO] ApiDb:576 - Connected to CubeFinder SQLite database (C:\Users\BRL\.stmcufinder\plugins\mcufinder\mcu\cube-finder-db.db)
2022-11-29 19:56:01,150 [INFO] ApiDb:663 - CubeFinder database Data Model version=2.1
2022-11-29 19:56:01,150 [INFO] ApiDb:664 - CubeFinder database Configuration version=3.0.32
2022-11-29 19:56:01,150 [INFO] ApiDb:665 - CubeFinder database generation date=2022-08-05 (1659688109)
2022-11-29 19:56:01,150 [INFO] ApiDb:666 - CubeFinder database FW Pack versions=[STM32Cube_FW_C0_V1.0.0, STM32Cube_FW_F4_V1.27.1, STM32Cube_FW_F7_V1.17.0, STM32Cube_FW_G0_V1.6.1, STM32Cube_FW_G4_V1.5.0, STM32Cube_FW_H7_V1.10.0, STM32Cube_FW_L5_V1.4.0, STM32Cube_FW_U5_V1.1.1, STM32Cube_FW_WB_V1.14.1, STM32Cube_FW_WL_V1.2.0, X-CUBE-ALGOBUILD_V1.3.0, X-CUBE-ALS_V1.0.1, X-CUBE-AZRTOS-F4_V1.1.0, X-CUBE-AZRTOS-F7_V1.1.0, X-CUBE-AZRTOS-G0_V1.1.0, X-CUBE-AZRTOS-G4_V1.0.0, X-CUBE-AZRTOS-H7_V2.1.0, X-CUBE-AZRTOS-L4_V1.0.0, X-CUBE-AZRTOS-L5_V1.0.0, X-CUBE-AZRTOS-WL_V1.0.0, X-CUBE-BLE1_V6.2.3, X-CUBE-BLE2_V3.3.0, X-CUBE-EEPRMA1_V3.1.1, X-CUBE-GNSS1_V6.0.0, X-CUBE-MEMS1_V9.1.0, X-CUBE-MEMS1_V9.3.0, X-CUBE-NFC4_V2.0.4, X-CUBE-NFC7_V1.0.0, X-CUBE-SFXS2LP1_V4.0.0, X-CUBE-SUBG2_V5.0.0]
2022-11-29 19:56:02,669 [INFO] ApiDb:239 - Found 138 in-development CPN: [B-WB1M-WPAN1, NUCLEO-C031C6, STEVAL-STWINBX1, STM320518-EVAL, STM32C0116-DK, STM32C011D6Y3TR, STM32C011D6Y6TR, STM32C011F4P3, STM32C011F4P6, STM32C011F4U3, STM32C011F4U6TR, STM32C011F6P3, STM32C011F6P6, STM32C011F6U3, STM32C011F6U6TR, STM32C011J4M3, STM32C011J4M6, STM32C011J6M3, STM32C011J6M6, STM32C0316-DK, STM32C031C4T3, STM32C031C4T6, STM32C031C4U3, STM32C031C4U6, STM32C031C6T3, STM32C031C6T6, STM32C031C6U3, STM32C031C6U6, STM32C031F4P3, STM32C031F4P6, STM32C031F6P3, STM32C031F6P6, STM32C031G4U3, STM32C031G4U6, STM32C031G6U3, STM32C031G6U6, STM32C031K4T3, STM32C031K4T6, STM32C031K4U3, STM32C031K4U6, STM32C031K6T3, STM32C031K6T6, STM32C031K6U3, STM32C031K6U6, STM32G071K8TXN, STM32G071K8UXN, STM32G081GBU6N, STM32G081KBT6N, STM32G081KBUXN, STM32G0B1CCT6N, STM32G0B1KCT6, STM32G0B1NEY6TR, STM32G0B1RCT6N, STM32G0C1CCT6, STM32G0C1CCT6N, STM32G0C1CCU6N, STM32G0C1CET6N, STM32G0C1CEU6N, STM32G0C1KCT6, STM32G0C1NEY6TR, STM32G0C1RCI6N, STM32G0C1RCT6N, STM32G0C1REI6N, STM32G0C1RET6N, STM32G0C1VCI6, STM32G0C1VEI6, STM32G471CCT6, STM32G471CCU6, STM32G471CET3, STM32G471CET6, STM32G471CEU3, STM32G471CEU6, STM32G471MCT6, STM32G471MET3, STM32G471MET6, STM32G471MEY6TR, STM32G471QCT6, STM32G471QET3, STM32G471RCT6, STM32G471RET3, STM32G471RET6, STM32G471VCH6, STM32G471VCI6, STM32G471VCT6, STM32G471VEH3, STM32G471VEH6, STM32G471VEI3, STM32G471VEI6, STM32G471VET3, STM32G471VET6, STM32G474CCT6, STM32L476VGY6PTR, STM32L4R5QGI6STR, STM32MP131AAE3, STM32MP131AAF3, STM32MP131AAG3, STM32MP131CAE3, STM32MP131CAF3, STM32MP131CAG3, STM32MP131DAE7, STM32MP131DAF7, STM32MP131DAG7, STM32MP131FAE7, STM32MP131FAF7, STM32MP131FAG7, STM32MP133AAE3, STM32MP133AAF3, STM32MP133AAG3, STM32MP133CAE3, STM32MP133CAF3, STM32MP133CAG3, STM32MP133DAE7, STM32MP133DAF7, STM32MP133DAG7, STM32MP133FAE7, STM32MP133FAF7, STM32MP133FAG7, STM32MP135AAE3, STM32MP135AAF3, STM32MP135AAG3, STM32MP135CAE3, STM32MP135CAF3, STM32MP135CAG3, STM32MP135DAE7, STM32MP135DAF7, STM32MP135DAG7, STM32MP135F-DK, STM32MP135FAE7, STM32MP135FAF7, STM32MP135FAG7, STM32U595ZJT6Q, STM32U599BJY6QTR, STM32U599NIH6Q, STM32U599NJH6Q, STM32U5A5ZJT6Q, STM32U5A9BJY6QTR, STM32U5A9NJH6Q, STM32WB1MMCH6]
2022-11-29 19:56:02,671 [INFO] DbMcus:215 - Found 3542 MCUs, 3542 are supported
2022-11-29 19:56:02,671 [INFO] ApiDb:418 - Load user favorites file C:\Users\BRL/.stm32cubeide/favorites.mcus.txt: 0 item(s)
2022-11-29 19:56:02,671 [INFO] ApiDb:422 - User favorites MCUs=[]
2022-11-29 19:56:02,671 [INFO] DbMcus:221 - Set 0 / 0 favorites MCUs
2022-11-29 19:56:02,689 [ERROR] TargetSelectorAdapter:236 - Unable to refresh data
2022-11-29 19:56:02,990 [INFO] McuFinderGlobals:57 - Set McuFinderConnectedMode to true
2022-11-29 19:56:03,003 [INFO] MultiScanPanel:195 - Auto-refresh data requested => check proxy status ongoing
2022-11-29 19:56:03,006 [INFO] FinderPluginLoader:92 - Searching for filters in installed packs
2022-11-29 19:56:04,017 [INFO] LoadUrlFilesThread:177 - End of LoadServerUrlFiles without Thread
2022-11-29 19:56:04,027 [INFO] DetailPanel:339 - Set advertising image to C:/Users/BRL/STM32Cube/Repository/\en.Prom_NBSTM32U50921.jpg
2022-11-29 19:56:04,703 [INFO] MultiScanPanel:778 - Auto Refresh Data is needed due to updater interval setting
2022-11-29 19:56:04,753 [INFO] ServerAccessManage:474 - Download File mcusAds.json._tmp_
2022-11-29 19:56:04,879 [INFO] LoadUrlFilesThread:150 - End of LoadUrlFiles Thread
2022-11-29 19:56:04,931 [INFO] ServerAccessManage:474 - Download File cube-finder-db.zip
2022-11-29 19:56:06,669 [ERROR] ServerAccessManage:652 - User Cancel Download : cube-finder-db.zip.
2022-11-29 19:56:06,788 [INFO] LoadUrlFilesThread:150 - End of LoadUrlFiles Thread
2022-11-29 19:56:07,738 [INFO] DbMcusAds:52 - JSON generation date=Thu Sep 30 15:56:37 KST 2021 (1632984997303)
2022-11-29 19:56:07,740 [INFO] ApiDb:443 - Save user favorites file C:\Users\BRL/.stm32cubeide/favorites.mcus.txt: 0 item(s)
2022-11-29 19:56:07,741 [INFO] ApiDb:447 - User favorites MCUs=[]
2022-11-29 19:56:07,742 [INFO] ApiDb:576 - Connected to CubeFinder SQLite database (C:\Users\BRL\.stmcufinder\plugins\mcufinder\mcu\cube-finder-db.db)
2022-11-29 19:56:07,765 [INFO] ApiDb:663 - CubeFinder database Data Model version=2.1
2022-11-29 19:56:07,765 [INFO] ApiDb:664 - CubeFinder database Configuration version=3.0.32
2022-11-29 19:56:07,765 [INFO] ApiDb:665 - CubeFinder database generation date=2022-08-05 (1659688109)
2022-11-29 19:56:07,765 [INFO] ApiDb:666 - CubeFinder database FW Pack versions=[STM32Cube_FW_C0_V1.0.0, STM32Cube_FW_F4_V1.27.1, STM32Cube_FW_F7_V1.17.0, STM32Cube_FW_G0_V1.6.1, STM32Cube_FW_G4_V1.5.0, STM32Cube_FW_H7_V1.10.0, STM32Cube_FW_L5_V1.4.0, STM32Cube_FW_U5_V1.1.1, STM32Cube_FW_WB_V1.14.1, STM32Cube_FW_WL_V1.2.0, X-CUBE-ALGOBUILD_V1.3.0, X-CUBE-ALS_V1.0.1, X-CUBE-AZRTOS-F4_V1.1.0, X-CUBE-AZRTOS-F7_V1.1.0, X-CUBE-AZRTOS-G0_V1.1.0, X-CUBE-AZRTOS-G4_V1.0.0, X-CUBE-AZRTOS-H7_V2.1.0, X-CUBE-AZRTOS-L4_V1.0.0, X-CUBE-AZRTOS-L5_V1.0.0, X-CUBE-AZRTOS-WL_V1.0.0, X-CUBE-BLE1_V6.2.3, X-CUBE-BLE2_V3.3.0, X-CUBE-EEPRMA1_V3.1.1, X-CUBE-GNSS1_V6.0.0, X-CUBE-MEMS1_V9.1.0, X-CUBE-MEMS1_V9.3.0, X-CUBE-NFC4_V2.0.4, X-CUBE-NFC7_V1.0.0, X-CUBE-SFXS2LP1_V4.0.0, X-CUBE-SUBG2_V5.0.0]
2022-11-29 19:56:09,235 [INFO] ApiDb:239 - Found 138 in-development CPN: [B-WB1M-WPAN1, NUCLEO-C031C6, STEVAL-STWINBX1, STM320518-EVAL, STM32C0116-DK, STM32C011D6Y3TR, STM32C011D6Y6TR, STM32C011F4P3, STM32C011F4P6, STM32C011F4U3, STM32C011F4U6TR, STM32C011F6P3, STM32C011F6P6, STM32C011F6U3, STM32C011F6U6TR, STM32C011J4M3, STM32C011J4M6, STM32C011J6M3, STM32C011J6M6, STM32C0316-DK, STM32C031C4T3, STM32C031C4T6, STM32C031C4U3, STM32C031C4U6, STM32C031C6T3, STM32C031C6T6, STM32C031C6U3, STM32C031C6U6, STM32C031F4P3, STM32C031F4P6, STM32C031F6P3, STM32C031F6P6, STM32C031G4U3, STM32C031G4U6, STM32C031G6U3, STM32C031G6U6, STM32C031K4T3, STM32C031K4T6, STM32C031K4U3, STM32C031K4U6, STM32C031K6T3, STM32C031K6T6, STM32C031K6U3, STM32C031K6U6, STM32G071K8TXN, STM32G071K8UXN, STM32G081GBU6N, STM32G081KBT6N, STM32G081KBUXN, STM32G0B1CCT6N, STM32G0B1KCT6, STM32G0B1NEY6TR, STM32G0B1RCT6N, STM32G0C1CCT6, STM32G0C1CCT6N, STM32G0C1CCU6N, STM32G0C1CET6N, STM32G0C1CEU6N, STM32G0C1KCT6, STM32G0C1NEY6TR, STM32G0C1RCI6N, STM32G0C1RCT6N, STM32G0C1REI6N, STM32G0C1RET6N, STM32G0C1VCI6, STM32G0C1VEI6, STM32G471CCT6, STM32G471CCU6, STM32G471CET3, STM32G471CET6, STM32G471CEU3, STM32G471CEU6, STM32G471MCT6, STM32G471MET3, STM32G471MET6, STM32G471MEY6TR, STM32G471QCT6, STM32G471QET3, STM32G471RCT6, STM32G471RET3, STM32G471RET6, STM32G471VCH6, STM32G471VCI6, STM32G471VCT6, STM32G471VEH3, STM32G471VEH6, STM32G471VEI3, STM32G471VEI6, STM32G471VET3, STM32G471VET6, STM32G474CCT6, STM32L476VGY6PTR, STM32L4R5QGI6STR, STM32MP131AAE3, STM32MP131AAF3, STM32MP131AAG3, STM32MP131CAE3, STM32MP131CAF3, STM32MP131CAG3, STM32MP131DAE7, STM32MP131DAF7, STM32MP131DAG7, STM32MP131FAE7, STM32MP131FAF7, STM32MP131FAG7, STM32MP133AAE3, STM32MP133AAF3, STM32MP133AAG3, STM32MP133CAE3, STM32MP133CAF3, STM32MP133CAG3, STM32MP133DAE7, STM32MP133DAF7, STM32MP133DAG7, STM32MP133FAE7, STM32MP133FAF7, STM32MP133FAG7, STM32MP135AAE3, STM32MP135AAF3, STM32MP135AAG3, STM32MP135CAE3, STM32MP135CAF3, STM32MP135CAG3, STM32MP135DAE7, STM32MP135DAF7, STM32MP135DAG7, STM32MP135F-DK, STM32MP135FAE7, STM32MP135FAF7, STM32MP135FAG7, STM32U595ZJT6Q, STM32U599BJY6QTR, STM32U599NIH6Q, STM32U599NJH6Q, STM32U5A5ZJT6Q, STM32U5A9BJY6QTR, STM32U5A9NJH6Q, STM32WB1MMCH6]
2022-11-29 19:56:09,237 [INFO] DbMcus:215 - Found 3542 MCUs, 3542 are supported
2022-11-29 19:56:09,238 [INFO] ApiDb:418 - Load user favorites file C:\Users\BRL/.stm32cubeide/favorites.mcus.txt: 0 item(s)
2022-11-29 19:56:09,238 [INFO] ApiDb:422 - User favorites MCUs=[]
2022-11-29 19:56:09,238 [INFO] DbMcus:221 - Set 0 / 0 favorites MCUs
2022-11-29 19:56:09,732 [ERROR] MultiScanPanel:793 - Unable to refresh data
2022-11-29 19:56:09,736 [INFO] ApiDb:663 - CubeFinder database Data Model version=2.1
2022-11-29 19:56:09,736 [INFO] ApiDb:664 - CubeFinder database Configuration version=3.0.32
2022-11-29 19:56:09,736 [INFO] ApiDb:665 - CubeFinder database generation date=2022-08-05 (1659688109)
2022-11-29 19:56:09,736 [INFO] ApiDb:666 - CubeFinder database FW Pack versions=[STM32Cube_FW_C0_V1.0.0, STM32Cube_FW_F4_V1.27.1, STM32Cube_FW_F7_V1.17.0, STM32Cube_FW_G0_V1.6.1, STM32Cube_FW_G4_V1.5.0, STM32Cube_FW_H7_V1.10.0, STM32Cube_FW_L5_V1.4.0, STM32Cube_FW_U5_V1.1.1, STM32Cube_FW_WB_V1.14.1, STM32Cube_FW_WL_V1.2.0, X-CUBE-ALGOBUILD_V1.3.0, X-CUBE-ALS_V1.0.1, X-CUBE-AZRTOS-F4_V1.1.0, X-CUBE-AZRTOS-F7_V1.1.0, X-CUBE-AZRTOS-G0_V1.1.0, X-CUBE-AZRTOS-G4_V1.0.0, X-CUBE-AZRTOS-H7_V2.1.0, X-CUBE-AZRTOS-L4_V1.0.0, X-CUBE-AZRTOS-L5_V1.0.0, X-CUBE-AZRTOS-WL_V1.0.0, X-CUBE-BLE1_V6.2.3, X-CUBE-BLE2_V3.3.0, X-CUBE-EEPRMA1_V3.1.1, X-CUBE-GNSS1_V6.0.0, X-CUBE-MEMS1_V9.1.0, X-CUBE-MEMS1_V9.3.0, X-CUBE-NFC4_V2.0.4, X-CUBE-NFC7_V1.0.0, X-CUBE-SFXS2LP1_V4.0.0, X-CUBE-SUBG2_V5.0.0]
2022-11-29 19:56:09,811 [INFO] DbBoardsSqlite:227 - include board P-NUCLEO-WB55-NUCLEO as a kit item of type 'Nucleo-64'
2022-11-29 19:56:09,811 [INFO] DbBoardsSqlite:227 - include board P-NUCLEO-WB55-USBDONGLE as a kit item of type 'Nucleo USB Dongle'
2022-11-29 19:56:09,812 [INFO] DbBoardsSqlite:227 - include board STEVAL-IDP005V1 as a kit item of type 'Evaluation Board'
2022-11-29 19:56:09,812 [INFO] DbBoardsSqlite:227 - include board STEVAL-IDP005V2 as a kit item of type 'Evaluation Board'
2022-11-29 19:56:09,825 [INFO] ApiDb:239 - Found 138 in-development CPN: [B-WB1M-WPAN1, NUCLEO-C031C6, STEVAL-STWINBX1, STM320518-EVAL, STM32C0116-DK, STM32C011D6Y3TR, STM32C011D6Y6TR, STM32C011F4P3, STM32C011F4P6, STM32C011F4U3, STM32C011F4U6TR, STM32C011F6P3, STM32C011F6P6, STM32C011F6U3, STM32C011F6U6TR, STM32C011J4M3, STM32C011J4M6, STM32C011J6M3, STM32C011J6M6, STM32C0316-DK, STM32C031C4T3, STM32C031C4T6, STM32C031C4U3, STM32C031C4U6, STM32C031C6T3, STM32C031C6T6, STM32C031C6U3, STM32C031C6U6, STM32C031F4P3, STM32C031F4P6, STM32C031F6P3, STM32C031F6P6, STM32C031G4U3, STM32C031G4U6, STM32C031G6U3, STM32C031G6U6, STM32C031K4T3, STM32C031K4T6, STM32C031K4U3, STM32C031K4U6, STM32C031K6T3, STM32C031K6T6, STM32C031K6U3, STM32C031K6U6, STM32G071K8TXN, STM32G071K8UXN, STM32G081GBU6N, STM32G081KBT6N, STM32G081KBUXN, STM32G0B1CCT6N, STM32G0B1KCT6, STM32G0B1NEY6TR, STM32G0B1RCT6N, STM32G0C1CCT6, STM32G0C1CCT6N, STM32G0C1CCU6N, STM32G0C1CET6N, STM32G0C1CEU6N, STM32G0C1KCT6, STM32G0C1NEY6TR, STM32G0C1RCI6N, STM32G0C1RCT6N, STM32G0C1REI6N, STM32G0C1RET6N, STM32G0C1VCI6, STM32G0C1VEI6, STM32G471CCT6, STM32G471CCU6, STM32G471CET3, STM32G471CET6, STM32G471CEU3, STM32G471CEU6, STM32G471MCT6, STM32G471MET3, STM32G471MET6, STM32G471MEY6TR, STM32G471QCT6, STM32G471QET3, STM32G471RCT6, STM32G471RET3, STM32G471RET6, STM32G471VCH6, STM32G471VCI6, STM32G471VCT6, STM32G471VEH3, STM32G471VEH6, STM32G471VEI3, STM32G471VEI6, STM32G471VET3, STM32G471VET6, STM32G474CCT6, STM32L476VGY6PTR, STM32L4R5QGI6STR, STM32MP131AAE3, STM32MP131AAF3, STM32MP131AAG3, STM32MP131CAE3, STM32MP131CAF3, STM32MP131CAG3, STM32MP131DAE7, STM32MP131DAF7, STM32MP131DAG7, STM32MP131FAE7, STM32MP131FAF7, STM32MP131FAG7, STM32MP133AAE3, STM32MP133AAF3, STM32MP133AAG3, STM32MP133CAE3, STM32MP133CAF3, STM32MP133CAG3, STM32MP133DAE7, STM32MP133DAF7, STM32MP133DAG7, STM32MP133FAE7, STM32MP133FAF7, STM32MP133FAG7, STM32MP135AAE3, STM32MP135AAF3, STM32MP135AAG3, STM32MP135CAE3, STM32MP135CAF3, STM32MP135CAG3, STM32MP135DAE7, STM32MP135DAF7, STM32MP135DAG7, STM32MP135F-DK, STM32MP135FAE7, STM32MP135FAF7, STM32MP135FAG7, STM32U595ZJT6Q, STM32U599BJY6QTR, STM32U599NIH6Q, STM32U599NJH6Q, STM32U5A5ZJT6Q, STM32U5A9BJY6QTR, STM32U5A9NJH6Q, STM32WB1MMCH6]
2022-11-29 19:56:09,949 [INFO] BoardInfo:879 - No configuration file found for board P-NUCLEO-WB55
2022-11-29 19:56:09,949 [INFO] DbBoards:156 - Kit is not supported: P-NUCLEO-WB55
2022-11-29 19:56:09,952 [INFO] BoardInfo:879 - No configuration file found for board STEVAL-BFA001V1B
2022-11-29 19:56:09,952 [INFO] DbBoards:156 - Kit is not supported: STEVAL-BFA001V1B
2022-11-29 19:56:09,953 [INFO] BoardInfo:879 - No configuration file found for board STEVAL-BFA001V2B
2022-11-29 19:56:09,953 [INFO] DbBoards:156 - Kit is not supported: STEVAL-BFA001V2B
2022-11-29 19:56:10,045 [INFO] DbBoards:160 - Found 176 boards, 173 are supported
2022-11-29 19:56:10,050 [INFO] ApiDb:409 - User favorites file not found: C:\Users\BRL/.stm32cubeide/favorites.boards.txt
2022-11-29 19:56:10,050 [INFO] DbBoards:189 - Set 0 / 0 favorites Boards
2022-11-29 19:56:12,661 [INFO] McuFinderGlobals:57 - Set McuFinderConnectedMode to true
2022-11-29 19:56:12,664 [INFO] ApiDb:443 - Save user favorites file C:\Users\BRL/.stm32cubeide/favorites.mcus.txt: 0 item(s)
2022-11-29 19:56:12,664 [INFO] ApiDb:447 - User favorites MCUs=[]
2022-11-29 19:56:31,105 [INFO] MainUpdater:2768 - connection check result : 10
2022-11-29 19:56:31,105 [INFO] McuFinderGlobals:57 - Set McuFinderConnectedMode to true
2022-11-29 19:56:31,202 [INFO] ServerAccessManage:474 - Download File mcusAds.json._tmp_
2022-11-29 19:56:31,320 [INFO] LoadUrlFilesThread:150 - End of LoadUrlFiles Thread
2022-11-29 19:56:31,407 [INFO] ServerAccessManage:474 - Download File cube-finder-db.zip
2022-11-29 19:56:33,108 [INFO] FileExtend:239 - Unzip File : cube-finder-db.zip
2022-11-29 19:56:33,108 [INFO] FileExtend:254 - Standard Zip Deflate
2022-11-29 19:56:33,796 [INFO] LoadUrlFilesThread:150 - End of LoadUrlFiles Thread
2022-11-29 19:56:34,946 [INFO] ServerAccessManage:474 - Download File crdb.zip
2022-11-29 19:56:35,223 [ERROR] ServerAccessManage:652 - User Cancel Download : crdb.zip.
2022-11-29 19:56:35,333 [INFO] LoadUrlFilesThread:150 - End of LoadUrlFiles Thread
2022-11-29 19:56:35,740 [INFO] DbMcusAds:52 - JSON generation date=Thu Sep 30 15:56:37 KST 2021 (1632984997303)
2022-11-29 19:56:35,743 [INFO] ApiDb:443 - Save user favorites file C:\Users\BRL/.stm32cubeide/favorites.mcus.txt: 0 item(s)
2022-11-29 19:56:35,743 [INFO] ApiDb:447 - User favorites MCUs=[]
2022-11-29 19:56:35,745 [INFO] ApiDb:576 - Connected to CubeFinder SQLite database (C:\Users\BRL\.stmcufinder\plugins\mcufinder\mcu\cube-finder-db.db)
2022-11-29 19:56:35,797 [INFO] ApiDb:663 - CubeFinder database Data Model version=2.1
2022-11-29 19:56:35,797 [INFO] ApiDb:664 - CubeFinder database Configuration version=3.0.35
2022-11-29 19:56:35,797 [INFO] ApiDb:665 - CubeFinder database generation date=2022-11-18 (1668769384)
2022-11-29 19:56:35,797 [INFO] ApiDb:666 - CubeFinder database FW Pack versions=[FP-ATR-ASTRA1_V1.1.1, STM32Cube_FW_C0_V1.0.0, STM32Cube_FW_F4_V1.27.1, STM32Cube_FW_F7_V1.17.0, STM32Cube_FW_G0_V1.6.1, STM32Cube_FW_G4_V1.5.0, STM32Cube_FW_H5_V0.5.1, STM32Cube_FW_H7_V1.11.0, STM32Cube_FW_L5_V1.5.0, STM32Cube_FW_U5_V1.1.1, STM32Cube_FW_WBA_V0.2.0, STM32Cube_FW_WB_V1.15.0, STM32Cube_FW_WB_V1.15.0RC1, STM32Cube_FW_WL_V1.3.0, X-CUBE-ALGOBUILD_V1.3.0, X-CUBE-ALS_V1.0.1, X-CUBE-AZRTOS-F4_V1.1.0, X-CUBE-AZRTOS-F7_V1.1.0, X-CUBE-AZRTOS-G0_V1.1.0, X-CUBE-AZRTOS-G4_V1.0.0, X-CUBE-AZRTOS-H7_V2.1.0, X-CUBE-AZRTOS-L4_V1.0.0, X-CUBE-AZRTOS-L5_V1.0.0, X-CUBE-AZRTOS-WL_V1.0.0, X-CUBE-BLE1_V6.2.4, X-CUBE-BLE2_V3.3.0, X-CUBE-BLEMGR_V1.2.0, X-CUBE-EEPRMA1_V3.1.1, X-CUBE-GNSS1_V6.0.0, X-CUBE-MEMS1_V9.1.0, X-CUBE-MEMS1_V9.3.0, X-CUBE-NFC4_V2.0.4, X-CUBE-NFC7_V1.0.0, X-CUBE-SFXS2LP1_V4.0.0, X-CUBE-SUBG2_V5.0.0]
2022-11-29 19:56:37,310 [INFO] ApiDb:239 - Found 138 in-development CPN: [B-WB1M-WPAN1, NUCLEO-C031C6, STEVAL-STWINBX1, STM320518-EVAL, STM32C0116-DK, STM32C011D6Y3TR, STM32C011D6Y6TR, STM32C011F4P3, STM32C011F4P6, STM32C011F4U3, STM32C011F4U6TR, STM32C011F6P3, STM32C011F6P6, STM32C011F6U3, STM32C011F6U6TR, STM32C011J4M3, STM32C011J4M6, STM32C011J6M3, STM32C011J6M6, STM32C0316-DK, STM32C031C4T3, STM32C031C4T6, STM32C031C4U3, STM32C031C4U6, STM32C031C6T3, STM32C031C6T6, STM32C031C6U3, STM32C031C6U6, STM32C031F4P3, STM32C031F4P6, STM32C031F6P3, STM32C031F6P6, STM32C031G4U3, STM32C031G4U6, STM32C031G6U3, STM32C031G6U6, STM32C031K4T3, STM32C031K4T6, STM32C031K4U3, STM32C031K4U6, STM32C031K6T3, STM32C031K6T6, STM32C031K6U3, STM32C031K6U6, STM32G071K8TXN, STM32G071K8UXN, STM32G081GBU6N, STM32G081KBT6N, STM32G081KBUXN, STM32G0B1CCT6N, STM32G0B1KCT6, STM32G0B1NEY6TR, STM32G0B1RCT6N, STM32G0C1CCT6, STM32G0C1CCT6N, STM32G0C1CCU6N, STM32G0C1CET6N, STM32G0C1CEU6N, STM32G0C1KCT6, STM32G0C1NEY6TR, STM32G0C1RCI6N, STM32G0C1RCT6N, STM32G0C1REI6N, STM32G0C1RET6N, STM32G0C1VCI6, STM32G0C1VEI6, STM32G471CCT6, STM32G471CCU6, STM32G471CET3, STM32G471CET6, STM32G471CEU3, STM32G471CEU6, STM32G471MCT6, STM32G471MET3, STM32G471MET6, STM32G471MEY6TR, STM32G471QCT6, STM32G471QET3, STM32G471RCT6, STM32G471RET3, STM32G471RET6, STM32G471VCH6, STM32G471VCI6, STM32G471VCT6, STM32G471VEH3, STM32G471VEH6, STM32G471VEI3, STM32G471VEI6, STM32G471VET3, STM32G471VET6, STM32G474CCT6, STM32L476VGY6PTR, STM32L4R5QGI6STR, STM32MP131AAE3, STM32MP131AAF3, STM32MP131AAG3, STM32MP131CAE3, STM32MP131CAF3, STM32MP131CAG3, STM32MP131DAE7, STM32MP131DAF7, STM32MP131DAG7, STM32MP131FAE7, STM32MP131FAF7, STM32MP131FAG7, STM32MP133AAE3, STM32MP133AAF3, STM32MP133AAG3, STM32MP133CAE3, STM32MP133CAF3, STM32MP133CAG3, STM32MP133DAE7, STM32MP133DAF7, STM32MP133DAG7, STM32MP133FAE7, STM32MP133FAF7, STM32MP133FAG7, STM32MP135AAE3, STM32MP135AAF3, STM32MP135AAG3, STM32MP135CAE3, STM32MP135CAF3, STM32MP135CAG3, STM32MP135DAE7, STM32MP135DAF7, STM32MP135DAG7, STM32MP135F-DK, STM32MP135FAE7, STM32MP135FAF7, STM32MP135FAG7, STM32U595ZJT6Q, STM32U599BJY6QTR, STM32U599NIH6Q, STM32U599NJH6Q, STM32U5A5ZJT6Q, STM32U5A9BJY6QTR, STM32U5A9NJH6Q, STM32WB1MMCH6]
2022-11-29 19:56:37,312 [INFO] DbMcus:215 - Found 3580 MCUs, 3580 are supported
2022-11-29 19:56:37,312 [INFO] ApiDb:418 - Load user favorites file C:\Users\BRL/.stm32cubeide/favorites.mcus.txt: 0 item(s)
2022-11-29 19:56:37,312 [INFO] ApiDb:422 - User favorites MCUs=[]
2022-11-29 19:56:37,312 [INFO] DbMcus:221 - Set 0 / 0 favorites MCUs
2022-11-29 19:56:37,315 [INFO] ApiDb:443 - Save user favorites file C:\Users\BRL/.stm32cubeide/favorites.boards.txt: 0 item(s)
2022-11-29 19:56:37,315 [INFO] ApiDb:447 - User favorites Boards=[]
2022-11-29 19:56:37,317 [INFO] ApiDb:576 - Connected to CubeFinder SQLite database (C:\Users\BRL\.stmcufinder\plugins\mcufinder\mcu\cube-finder-db.db)
2022-11-29 19:56:37,366 [INFO] ApiDb:663 - CubeFinder database Data Model version=2.1
2022-11-29 19:56:37,366 [INFO] ApiDb:664 - CubeFinder database Configuration version=3.0.35
2022-11-29 19:56:37,366 [INFO] ApiDb:665 - CubeFinder database generation date=2022-11-18 (1668769384)
2022-11-29 19:56:37,366 [INFO] ApiDb:666 - CubeFinder database FW Pack versions=[FP-ATR-ASTRA1_V1.1.1, STM32Cube_FW_C0_V1.0.0, STM32Cube_FW_F4_V1.27.1, STM32Cube_FW_F7_V1.17.0, STM32Cube_FW_G0_V1.6.1, STM32Cube_FW_G4_V1.5.0, STM32Cube_FW_H5_V0.5.1, STM32Cube_FW_H7_V1.11.0, STM32Cube_FW_L5_V1.5.0, STM32Cube_FW_U5_V1.1.1, STM32Cube_FW_WBA_V0.2.0, STM32Cube_FW_WB_V1.15.0, STM32Cube_FW_WB_V1.15.0RC1, STM32Cube_FW_WL_V1.3.0, X-CUBE-ALGOBUILD_V1.3.0, X-CUBE-ALS_V1.0.1, X-CUBE-AZRTOS-F4_V1.1.0, X-CUBE-AZRTOS-F7_V1.1.0, X-CUBE-AZRTOS-G0_V1.1.0, X-CUBE-AZRTOS-G4_V1.0.0, X-CUBE-AZRTOS-H7_V2.1.0, X-CUBE-AZRTOS-L4_V1.0.0, X-CUBE-AZRTOS-L5_V1.0.0, X-CUBE-AZRTOS-WL_V1.0.0, X-CUBE-BLE1_V6.2.4, X-CUBE-BLE2_V3.3.0, X-CUBE-BLEMGR_V1.2.0, X-CUBE-EEPRMA1_V3.1.1, X-CUBE-GNSS1_V6.0.0, X-CUBE-MEMS1_V9.1.0, X-CUBE-MEMS1_V9.3.0, X-CUBE-NFC4_V2.0.4, X-CUBE-NFC7_V1.0.0, X-CUBE-SFXS2LP1_V4.0.0, X-CUBE-SUBG2_V5.0.0]
2022-11-29 19:56:37,414 [INFO] DbBoardsSqlite:227 - include board P-NUCLEO-WB55-NUCLEO as a kit item of type 'Nucleo-64'
2022-11-29 19:56:37,415 [INFO] DbBoardsSqlite:227 - include board P-NUCLEO-WB55-USBDONGLE as a kit item of type 'Nucleo USB Dongle'
2022-11-29 19:56:37,415 [INFO] DbBoardsSqlite:227 - include board STEVAL-IDP005V1 as a kit item of type 'Evaluation Board'
2022-11-29 19:56:37,415 [INFO] DbBoardsSqlite:227 - include board STEVAL-IDP005V2 as a kit item of type 'Evaluation Board'
2022-11-29 19:56:37,452 [INFO] ApiDb:239 - Found 138 in-development CPN: [B-WB1M-WPAN1, NUCLEO-C031C6, STEVAL-STWINBX1, STM320518-EVAL, STM32C0116-DK, STM32C011D6Y3TR, STM32C011D6Y6TR, STM32C011F4P3, STM32C011F4P6, STM32C011F4U3, STM32C011F4U6TR, STM32C011F6P3, STM32C011F6P6, STM32C011F6U3, STM32C011F6U6TR, STM32C011J4M3, STM32C011J4M6, STM32C011J6M3, STM32C011J6M6, STM32C0316-DK, STM32C031C4T3, STM32C031C4T6, STM32C031C4U3, STM32C031C4U6, STM32C031C6T3, STM32C031C6T6, STM32C031C6U3, STM32C031C6U6, STM32C031F4P3, STM32C031F4P6, STM32C031F6P3, STM32C031F6P6, STM32C031G4U3, STM32C031G4U6, STM32C031G6U3, STM32C031G6U6, STM32C031K4T3, STM32C031K4T6, STM32C031K4U3, STM32C031K4U6, STM32C031K6T3, STM32C031K6T6, STM32C031K6U3, STM32C031K6U6, STM32G071K8TXN, STM32G071K8UXN, STM32G081GBU6N, STM32G081KBT6N, STM32G081KBUXN, STM32G0B1CCT6N, STM32G0B1KCT6, STM32G0B1NEY6TR, STM32G0B1RCT6N, STM32G0C1CCT6, STM32G0C1CCT6N, STM32G0C1CCU6N, STM32G0C1CET6N, STM32G0C1CEU6N, STM32G0C1KCT6, STM32G0C1NEY6TR, STM32G0C1RCI6N, STM32G0C1RCT6N, STM32G0C1REI6N, STM32G0C1RET6N, STM32G0C1VCI6, STM32G0C1VEI6, STM32G471CCT6, STM32G471CCU6, STM32G471CET3, STM32G471CET6, STM32G471CEU3, STM32G471CEU6, STM32G471MCT6, STM32G471MET3, STM32G471MET6, STM32G471MEY6TR, STM32G471QCT6, STM32G471QET3, STM32G471RCT6, STM32G471RET3, STM32G471RET6, STM32G471VCH6, STM32G471VCI6, STM32G471VCT6, STM32G471VEH3, STM32G471VEH6, STM32G471VEI3, STM32G471VEI6, STM32G471VET3, STM32G471VET6, STM32G474CCT6, STM32L476VGY6PTR, STM32L4R5QGI6STR, STM32MP131AAE3, STM32MP131AAF3, STM32MP131AAG3, STM32MP131CAE3, STM32MP131CAF3, STM32MP131CAG3, STM32MP131DAE7, STM32MP131DAF7, STM32MP131DAG7, STM32MP131FAE7, STM32MP131FAF7, STM32MP131FAG7, STM32MP133AAE3, STM32MP133AAF3, STM32MP133AAG3, STM32MP133CAE3, STM32MP133CAF3, STM32MP133CAG3, STM32MP133DAE7, STM32MP133DAF7, STM32MP133DAG7, STM32MP133FAE7, STM32MP133FAF7, STM32MP133FAG7, STM32MP135AAE3, STM32MP135AAF3, STM32MP135AAG3, STM32MP135CAE3, STM32MP135CAF3, STM32MP135CAG3, STM32MP135DAE7, STM32MP135DAF7, STM32MP135DAG7, STM32MP135F-DK, STM32MP135FAE7, STM32MP135FAF7, STM32MP135FAG7, STM32U595ZJT6Q, STM32U599BJY6QTR, STM32U599NIH6Q, STM32U599NJH6Q, STM32U5A5ZJT6Q, STM32U5A9BJY6QTR, STM32U5A9NJH6Q, STM32WB1MMCH6]
2022-11-29 19:56:37,511 [INFO] BoardInfo:879 - No configuration file found for board P-NUCLEO-WB55
2022-11-29 19:56:37,511 [INFO] DbBoards:156 - Kit is not supported: P-NUCLEO-WB55
2022-11-29 19:56:37,514 [INFO] BoardInfo:879 - No configuration file found for board STEVAL-BFA001V1B
2022-11-29 19:56:37,514 [INFO] DbBoards:156 - Kit is not supported: STEVAL-BFA001V1B
2022-11-29 19:56:37,515 [INFO] BoardInfo:879 - No configuration file found for board STEVAL-BFA001V2B
2022-11-29 19:56:37,515 [INFO] DbBoards:156 - Kit is not supported: STEVAL-BFA001V2B
2022-11-29 19:56:37,518 [INFO] BoardInfo:879 - No configuration file found for board STEVAL-PROTEUS1
2022-11-29 19:56:37,518 [INFO] DbBoards:156 - Board is not supported: STEVAL-PROTEUS1
2022-11-29 19:56:37,596 [INFO] DbBoards:160 - Found 178 boards, 174 are supported
2022-11-29 19:56:37,599 [INFO] ApiDb:418 - Load user favorites file C:\Users\BRL/.stm32cubeide/favorites.boards.txt: 0 item(s)
2022-11-29 19:56:37,599 [INFO] ApiDb:422 - User favorites Boards=[]
2022-11-29 19:56:37,599 [INFO] DbBoards:189 - Set 0 / 0 favorites Boards
2022-11-29 19:56:37,605 [ERROR] TargetSelectorAdapter:236 - Unable to refresh data
2022-11-29 19:56:37,632 [INFO] McuFinderGlobals:57 - Set McuFinderConnectedMode to true
2022-11-29 19:56:37,632 [INFO] MultiScanPanel:195 - Auto-refresh data requested => check proxy status ongoing
2022-11-29 19:56:37,633 [INFO] FinderPluginLoader:92 - Searching for filters in installed packs
2022-11-29 19:56:38,137 [INFO] LoadUrlFilesThread:177 - End of LoadServerUrlFiles without Thread
2022-11-29 19:56:38,137 [INFO] DetailPanel:339 - Set advertising image to C:/Users/BRL/STM32Cube/Repository/\en.Prom_NBSTM32U50921.jpg
2022-11-29 19:56:38,486 [INFO] MultiScanPanel:778 - Auto Refresh Data is needed due to updater interval setting
2022-11-29 19:56:38,518 [INFO] ServerAccessManage:474 - Download File mcusAds.json._tmp_
2022-11-29 19:56:38,644 [INFO] LoadUrlFilesThread:150 - End of LoadUrlFiles Thread
2022-11-29 19:56:38,682 [INFO] ServerAccessManage:474 - Download File cube-finder-db.zip
2022-11-29 19:56:40,036 [ERROR] ServerAccessManage:652 - User Cancel Download : cube-finder-db.zip.
2022-11-29 19:56:40,155 [INFO] LoadUrlFilesThread:150 - End of LoadUrlFiles Thread
2022-11-29 19:56:40,985 [INFO] DbMcusAds:52 - JSON generation date=Thu Sep 30 15:56:37 KST 2021 (1632984997303)
2022-11-29 19:56:40,987 [INFO] ApiDb:443 - Save user favorites file C:\Users\BRL/.stm32cubeide/favorites.mcus.txt: 0 item(s)
2022-11-29 19:56:40,987 [INFO] ApiDb:447 - User favorites MCUs=[]
2022-11-29 19:56:40,989 [INFO] ApiDb:576 - Connected to CubeFinder SQLite database (C:\Users\BRL\.stmcufinder\plugins\mcufinder\mcu\cube-finder-db.db)
2022-11-29 19:56:41,040 [INFO] ApiDb:663 - CubeFinder database Data Model version=2.1
2022-11-29 19:56:41,040 [INFO] ApiDb:664 - CubeFinder database Configuration version=3.0.35
2022-11-29 19:56:41,040 [INFO] ApiDb:665 - CubeFinder database generation date=2022-11-18 (1668769384)
2022-11-29 19:56:41,040 [INFO] ApiDb:666 - CubeFinder database FW Pack versions=[FP-ATR-ASTRA1_V1.1.1, STM32Cube_FW_C0_V1.0.0, STM32Cube_FW_F4_V1.27.1, STM32Cube_FW_F7_V1.17.0, STM32Cube_FW_G0_V1.6.1, STM32Cube_FW_G4_V1.5.0, STM32Cube_FW_H5_V0.5.1, STM32Cube_FW_H7_V1.11.0, STM32Cube_FW_L5_V1.5.0, STM32Cube_FW_U5_V1.1.1, STM32Cube_FW_WBA_V0.2.0, STM32Cube_FW_WB_V1.15.0, STM32Cube_FW_WB_V1.15.0RC1, STM32Cube_FW_WL_V1.3.0, X-CUBE-ALGOBUILD_V1.3.0, X-CUBE-ALS_V1.0.1, X-CUBE-AZRTOS-F4_V1.1.0, X-CUBE-AZRTOS-F7_V1.1.0, X-CUBE-AZRTOS-G0_V1.1.0, X-CUBE-AZRTOS-G4_V1.0.0, X-CUBE-AZRTOS-H7_V2.1.0, X-CUBE-AZRTOS-L4_V1.0.0, X-CUBE-AZRTOS-L5_V1.0.0, X-CUBE-AZRTOS-WL_V1.0.0, X-CUBE-BLE1_V6.2.4, X-CUBE-BLE2_V3.3.0, X-CUBE-BLEMGR_V1.2.0, X-CUBE-EEPRMA1_V3.1.1, X-CUBE-GNSS1_V6.0.0, X-CUBE-MEMS1_V9.1.0, X-CUBE-MEMS1_V9.3.0, X-CUBE-NFC4_V2.0.4, X-CUBE-NFC7_V1.0.0, X-CUBE-SFXS2LP1_V4.0.0, X-CUBE-SUBG2_V5.0.0]
2022-11-29 19:56:42,715 [INFO] ApiDb:239 - Found 138 in-development CPN: [B-WB1M-WPAN1, NUCLEO-C031C6, STEVAL-STWINBX1, STM320518-EVAL, STM32C0116-DK, STM32C011D6Y3TR, STM32C011D6Y6TR, STM32C011F4P3, STM32C011F4P6, STM32C011F4U3, STM32C011F4U6TR, STM32C011F6P3, STM32C011F6P6, STM32C011F6U3, STM32C011F6U6TR, STM32C011J4M3, STM32C011J4M6, STM32C011J6M3, STM32C011J6M6, STM32C0316-DK, STM32C031C4T3, STM32C031C4T6, STM32C031C4U3, STM32C031C4U6, STM32C031C6T3, STM32C031C6T6, STM32C031C6U3, STM32C031C6U6, STM32C031F4P3, STM32C031F4P6, STM32C031F6P3, STM32C031F6P6, STM32C031G4U3, STM32C031G4U6, STM32C031G6U3, STM32C031G6U6, STM32C031K4T3, STM32C031K4T6, STM32C031K4U3, STM32C031K4U6, STM32C031K6T3, STM32C031K6T6, STM32C031K6U3, STM32C031K6U6, STM32G071K8TXN, STM32G071K8UXN, STM32G081GBU6N, STM32G081KBT6N, STM32G081KBUXN, STM32G0B1CCT6N, STM32G0B1KCT6, STM32G0B1NEY6TR, STM32G0B1RCT6N, STM32G0C1CCT6, STM32G0C1CCT6N, STM32G0C1CCU6N, STM32G0C1CET6N, STM32G0C1CEU6N, STM32G0C1KCT6, STM32G0C1NEY6TR, STM32G0C1RCI6N, STM32G0C1RCT6N, STM32G0C1REI6N, STM32G0C1RET6N, STM32G0C1VCI6, STM32G0C1VEI6, STM32G471CCT6, STM32G471CCU6, STM32G471CET3, STM32G471CET6, STM32G471CEU3, STM32G471CEU6, STM32G471MCT6, STM32G471MET3, STM32G471MET6, STM32G471MEY6TR, STM32G471QCT6, STM32G471QET3, STM32G471RCT6, STM32G471RET3, STM32G471RET6, STM32G471VCH6, STM32G471VCI6, STM32G471VCT6, STM32G471VEH3, STM32G471VEH6, STM32G471VEI3, STM32G471VEI6, STM32G471VET3, STM32G471VET6, STM32G474CCT6, STM32L476VGY6PTR, STM32L4R5QGI6STR, STM32MP131AAE3, STM32MP131AAF3, STM32MP131AAG3, STM32MP131CAE3, STM32MP131CAF3, STM32MP131CAG3, STM32MP131DAE7, STM32MP131DAF7, STM32MP131DAG7, STM32MP131FAE7, STM32MP131FAF7, STM32MP131FAG7, STM32MP133AAE3, STM32MP133AAF3, STM32MP133AAG3, STM32MP133CAE3, STM32MP133CAF3, STM32MP133CAG3, STM32MP133DAE7, STM32MP133DAF7, STM32MP133DAG7, STM32MP133FAE7, STM32MP133FAF7, STM32MP133FAG7, STM32MP135AAE3, STM32MP135AAF3, STM32MP135AAG3, STM32MP135CAE3, STM32MP135CAF3, STM32MP135CAG3, STM32MP135DAE7, STM32MP135DAF7, STM32MP135DAG7, STM32MP135F-DK, STM32MP135FAE7, STM32MP135FAF7, STM32MP135FAG7, STM32U595ZJT6Q, STM32U599BJY6QTR, STM32U599NIH6Q, STM32U599NJH6Q, STM32U5A5ZJT6Q, STM32U5A9BJY6QTR, STM32U5A9NJH6Q, STM32WB1MMCH6]
2022-11-29 19:56:42,717 [INFO] DbMcus:215 - Found 3580 MCUs, 3580 are supported
2022-11-29 19:56:42,717 [INFO] ApiDb:418 - Load user favorites file C:\Users\BRL/.stm32cubeide/favorites.mcus.txt: 0 item(s)
2022-11-29 19:56:42,717 [INFO] ApiDb:422 - User favorites MCUs=[]
2022-11-29 19:56:42,717 [INFO] DbMcus:221 - Set 0 / 0 favorites MCUs
2022-11-29 19:56:43,000 [INFO] ApiDb:443 - Save user favorites file C:\Users\BRL/.stm32cubeide/favorites.boards.txt: 0 item(s)
2022-11-29 19:56:43,000 [INFO] ApiDb:447 - User favorites Boards=[]
2022-11-29 19:56:43,001 [INFO] ApiDb:576 - Connected to CubeFinder SQLite database (C:\Users\BRL\.stmcufinder\plugins\mcufinder\mcu\cube-finder-db.db)
2022-11-29 19:56:43,052 [INFO] ApiDb:663 - CubeFinder database Data Model version=2.1
2022-11-29 19:56:43,052 [INFO] ApiDb:664 - CubeFinder database Configuration version=3.0.35
2022-11-29 19:56:43,052 [INFO] ApiDb:665 - CubeFinder database generation date=2022-11-18 (1668769384)
2022-11-29 19:56:43,052 [INFO] ApiDb:666 - CubeFinder database FW Pack versions=[FP-ATR-ASTRA1_V1.1.1, STM32Cube_FW_C0_V1.0.0, STM32Cube_FW_F4_V1.27.1, STM32Cube_FW_F7_V1.17.0, STM32Cube_FW_G0_V1.6.1, STM32Cube_FW_G4_V1.5.0, STM32Cube_FW_H5_V0.5.1, STM32Cube_FW_H7_V1.11.0, STM32Cube_FW_L5_V1.5.0, STM32Cube_FW_U5_V1.1.1, STM32Cube_FW_WBA_V0.2.0, STM32Cube_FW_WB_V1.15.0, STM32Cube_FW_WB_V1.15.0RC1, STM32Cube_FW_WL_V1.3.0, X-CUBE-ALGOBUILD_V1.3.0, X-CUBE-ALS_V1.0.1, X-CUBE-AZRTOS-F4_V1.1.0, X-CUBE-AZRTOS-F7_V1.1.0, X-CUBE-AZRTOS-G0_V1.1.0, X-CUBE-AZRTOS-G4_V1.0.0, X-CUBE-AZRTOS-H7_V2.1.0, X-CUBE-AZRTOS-L4_V1.0.0, X-CUBE-AZRTOS-L5_V1.0.0, X-CUBE-AZRTOS-WL_V1.0.0, X-CUBE-BLE1_V6.2.4, X-CUBE-BLE2_V3.3.0, X-CUBE-BLEMGR_V1.2.0, X-CUBE-EEPRMA1_V3.1.1, X-CUBE-GNSS1_V6.0.0, X-CUBE-MEMS1_V9.1.0, X-CUBE-MEMS1_V9.3.0, X-CUBE-NFC4_V2.0.4, X-CUBE-NFC7_V1.0.0, X-CUBE-SFXS2LP1_V4.0.0, X-CUBE-SUBG2_V5.0.0]
2022-11-29 19:56:43,101 [INFO] DbBoardsSqlite:227 - include board P-NUCLEO-WB55-NUCLEO as a kit item of type 'Nucleo-64'
2022-11-29 19:56:43,102 [INFO] DbBoardsSqlite:227 - include board P-NUCLEO-WB55-USBDONGLE as a kit item of type 'Nucleo USB Dongle'
2022-11-29 19:56:43,102 [INFO] DbBoardsSqlite:227 - include board STEVAL-IDP005V1 as a kit item of type 'Evaluation Board'
2022-11-29 19:56:43,102 [INFO] DbBoardsSqlite:227 - include board STEVAL-IDP005V2 as a kit item of type 'Evaluation Board'
2022-11-29 19:56:43,141 [INFO] ApiDb:239 - Found 138 in-development CPN: [B-WB1M-WPAN1, NUCLEO-C031C6, STEVAL-STWINBX1, STM320518-EVAL, STM32C0116-DK, STM32C011D6Y3TR, STM32C011D6Y6TR, STM32C011F4P3, STM32C011F4P6, STM32C011F4U3, STM32C011F4U6TR, STM32C011F6P3, STM32C011F6P6, STM32C011F6U3, STM32C011F6U6TR, STM32C011J4M3, STM32C011J4M6, STM32C011J6M3, STM32C011J6M6, STM32C0316-DK, STM32C031C4T3, STM32C031C4T6, STM32C031C4U3, STM32C031C4U6, STM32C031C6T3, STM32C031C6T6, STM32C031C6U3, STM32C031C6U6, STM32C031F4P3, STM32C031F4P6, STM32C031F6P3, STM32C031F6P6, STM32C031G4U3, STM32C031G4U6, STM32C031G6U3, STM32C031G6U6, STM32C031K4T3, STM32C031K4T6, STM32C031K4U3, STM32C031K4U6, STM32C031K6T3, STM32C031K6T6, STM32C031K6U3, STM32C031K6U6, STM32G071K8TXN, STM32G071K8UXN, STM32G081GBU6N, STM32G081KBT6N, STM32G081KBUXN, STM32G0B1CCT6N, STM32G0B1KCT6, STM32G0B1NEY6TR, STM32G0B1RCT6N, STM32G0C1CCT6, STM32G0C1CCT6N, STM32G0C1CCU6N, STM32G0C1CET6N, STM32G0C1CEU6N, STM32G0C1KCT6, STM32G0C1NEY6TR, STM32G0C1RCI6N, STM32G0C1RCT6N, STM32G0C1REI6N, STM32G0C1RET6N, STM32G0C1VCI6, STM32G0C1VEI6, STM32G471CCT6, STM32G471CCU6, STM32G471CET3, STM32G471CET6, STM32G471CEU3, STM32G471CEU6, STM32G471MCT6, STM32G471MET3, STM32G471MET6, STM32G471MEY6TR, STM32G471QCT6, STM32G471QET3, STM32G471RCT6, STM32G471RET3, STM32G471RET6, STM32G471VCH6, STM32G471VCI6, STM32G471VCT6, STM32G471VEH3, STM32G471VEH6, STM32G471VEI3, STM32G471VEI6, STM32G471VET3, STM32G471VET6, STM32G474CCT6, STM32L476VGY6PTR, STM32L4R5QGI6STR, STM32MP131AAE3, STM32MP131AAF3, STM32MP131AAG3, STM32MP131CAE3, STM32MP131CAF3, STM32MP131CAG3, STM32MP131DAE7, STM32MP131DAF7, STM32MP131DAG7, STM32MP131FAE7, STM32MP131FAF7, STM32MP131FAG7, STM32MP133AAE3, STM32MP133AAF3, STM32MP133AAG3, STM32MP133CAE3, STM32MP133CAF3, STM32MP133CAG3, STM32MP133DAE7, STM32MP133DAF7, STM32MP133DAG7, STM32MP133FAE7, STM32MP133FAF7, STM32MP133FAG7, STM32MP135AAE3, STM32MP135AAF3, STM32MP135AAG3, STM32MP135CAE3, STM32MP135CAF3, STM32MP135CAG3, STM32MP135DAE7, STM32MP135DAF7, STM32MP135DAG7, STM32MP135F-DK, STM32MP135FAE7, STM32MP135FAF7, STM32MP135FAG7, STM32U595ZJT6Q, STM32U599BJY6QTR, STM32U599NIH6Q, STM32U599NJH6Q, STM32U5A5ZJT6Q, STM32U5A9BJY6QTR, STM32U5A9NJH6Q, STM32WB1MMCH6]
2022-11-29 19:56:43,205 [INFO] BoardInfo:879 - No configuration file found for board P-NUCLEO-WB55
2022-11-29 19:56:43,205 [INFO] DbBoards:156 - Kit is not supported: P-NUCLEO-WB55
2022-11-29 19:56:43,208 [INFO] BoardInfo:879 - No configuration file found for board STEVAL-BFA001V1B
2022-11-29 19:56:43,208 [INFO] DbBoards:156 - Kit is not supported: STEVAL-BFA001V1B
2022-11-29 19:56:43,209 [INFO] BoardInfo:879 - No configuration file found for board STEVAL-BFA001V2B
2022-11-29 19:56:43,209 [INFO] DbBoards:156 - Kit is not supported: STEVAL-BFA001V2B
2022-11-29 19:56:43,212 [INFO] BoardInfo:879 - No configuration file found for board STEVAL-PROTEUS1
2022-11-29 19:56:43,212 [INFO] DbBoards:156 - Board is not supported: STEVAL-PROTEUS1
2022-11-29 19:56:43,291 [INFO] DbBoards:160 - Found 178 boards, 174 are supported
2022-11-29 19:56:43,293 [INFO] ApiDb:418 - Load user favorites file C:\Users\BRL/.stm32cubeide/favorites.boards.txt: 0 item(s)
2022-11-29 19:56:43,293 [INFO] ApiDb:422 - User favorites Boards=[]
2022-11-29 19:56:43,293 [INFO] DbBoards:189 - Set 0 / 0 favorites Boards
2022-11-29 19:56:43,572 [ERROR] MultiScanPanel:793 - Unable to refresh data
2022-11-29 19:56:45,135 [INFO] McuFinderGlobals:57 - Set McuFinderConnectedMode to true
2022-11-29 19:56:45,137 [INFO] ApiDb:443 - Save user favorites file C:\Users\BRL/.stm32cubeide/favorites.mcus.txt: 0 item(s)
2022-11-29 19:56:45,138 [INFO] ApiDb:447 - User favorites MCUs=[]
2022-11-29 19:57:05,048 [INFO] Activator:177 - 


2022-11-29 19:57:05,048 [INFO] Activator:178 - !SESSION log4j initialized
2022-11-29 19:57:29,807 [ERROR] LogOutputStream:74 - [STDERR_REDIRECT] SLF4J: Failed to load class "org.slf4j.impl.StaticLoggerBinder".
2022-11-29 19:57:29,808 [ERROR] LogOutputStream:74 - [STDERR_REDIRECT] SLF4J: Defaulting to no-operation (NOP) logger implementation
2022-11-29 19:57:29,809 [ERROR] LogOutputStream:74 - [STDERR_REDIRECT] SLF4J: See http://www.slf4j.org/codes.html#StaticLoggerBinder for further details.
